[02-23 01:05:52]: [INFO] Created column 'regdate' and set the current timestamp, 1740272752687, to all 0 rows
[02-23 01:05:52]: [INFO] SQLite Setup finished
[02-23 01:05:52]: [INFO] No supported permissions system found! Permissions are disabled!
[02-23 01:05:52]: [INFO] Hooked successfully into Essentials
[02-23 01:05:53]: [WARN] WARNING! The protectInventory feature requires ProtocolLib! Disabling it...
[02-23 01:05:53]: [INFO] AuthMe 5.6.0 build n.CUSTOM successfully enabled!
[02-23 01:05:53]: [INFO] Downloading GEO IP database, because the old database is older than 30 days or doesn't exist
[02-23 01:05:53]: [WARN] No MaxMind credentials found in the configuration file! GeoIp protections will be disabled.
[02-23 01:05:53]: [INFO] There is no newer GEO IP database uploaded to MaxMind. Using the old one for now.
[02-23 01:05:53]: [WARN] Could not download GeoLiteAPI database [FileNotFoundException]: plugins/AuthMe/GeoLite2-Country.mmdb (No such file or directory)
[02-23 01:05:53]: java.io.FileNotFoundException: plugins/AuthMe/GeoLite2-Country.mmdb (No such file or directory)
	at java.base/java.io.RandomAccessFile.open0(Native Method)
	at java.base/java.io.RandomAccessFile.open(RandomAccessFile.java:356)
	at java.base/java.io.RandomAccessFile.<init>(RandomAccessFile.java:273)
	at java.base/java.io.RandomAccessFile.<init>(RandomAccessFile.java:223)
	at fr.xephi.authme.libs.com.maxmind.db.BufferHolder.<init>(BufferHolder.java:20)
	at fr.xephi.authme.libs.com.maxmind.db.Reader.<init>(Reader.java:121)
	at fr.xephi.authme.service.GeoIpService.startReading(GeoIpService.java:179)
	at fr.xephi.authme.service.GeoIpService.updateDatabase(GeoIpService.java:150)
	at org.bukkit.craftbukkit.v1_8_R3.scheduler.CraftTask.run(CraftTask.java:59)
	at org.bukkit.craftbukkit.v1_8_R3.scheduler.CraftAsyncTask.run(CraftAsyncTask.java:53)
	at org.github.paperspigot.ServerSchedulerReportingWrapper.run(ServerSchedulerReportingWrapper.java:23)
	at java.base/java.util.concurrent.ThreadPoolExecutor.runWorker(ThreadPoolExecutor.java:1144)
	at java.base/java.util.concurrent.ThreadPoolExecutor$Worker.run(ThreadPoolExecutor.java:642)
	at java.base/java.lang.Thread.run(Thread.java:1583)

[02-23 01:06:44]: [FINE] FiredangerFN_aly registered 0:0:0:0:0:0:0:1
[02-23 01:06:44]: [FINE] FiredangerFN_aly logged in 0:0:0:0:0:0:0:1
[02-23 01:11:26]: [FINE] FiredangerFN_aly logged in 0:0:0:0:0:0:0:1
[02-23 01:12:07]: [INFO] AuthMe 5.6.0-bCUSTOM disabled!
[02-23 01:12:08]: [INFO] SQLite Setup finished
[02-23 01:12:08]: [INFO] No supported permissions system found! Permissions are disabled!
[02-23 01:12:08]: [INFO] Hooked successfully into Essentials
[02-23 01:12:08]: [WARN] WARNING! The protectInventory feature requires ProtocolLib! Disabling it...
[02-23 01:12:08]: [INFO] AuthMe 5.6.0 build n.CUSTOM successfully enabled!
[02-23 01:12:08]: [INFO] Downloading GEO IP database, because the old database is older than 30 days or doesn't exist
[02-23 01:12:08]: [WARN] No MaxMind credentials found in the configuration file! GeoIp protections will be disabled.
[02-23 01:12:08]: [INFO] There is no newer GEO IP database uploaded to MaxMind. Using the old one for now.
[02-23 01:12:08]: [WARN] Could not download GeoLiteAPI database [FileNotFoundException]: plugins/AuthMe/GeoLite2-Country.mmdb (No such file or directory)
[02-23 01:12:08]: java.io.FileNotFoundException: plugins/AuthMe/GeoLite2-Country.mmdb (No such file or directory)
	at java.base/java.io.RandomAccessFile.open0(Native Method)
	at java.base/java.io.RandomAccessFile.open(RandomAccessFile.java:356)
	at java.base/java.io.RandomAccessFile.<init>(RandomAccessFile.java:273)
	at java.base/java.io.RandomAccessFile.<init>(RandomAccessFile.java:223)
	at fr.xephi.authme.libs.com.maxmind.db.BufferHolder.<init>(BufferHolder.java:20)
	at fr.xephi.authme.libs.com.maxmind.db.Reader.<init>(Reader.java:121)
	at fr.xephi.authme.service.GeoIpService.startReading(GeoIpService.java:179)
	at fr.xephi.authme.service.GeoIpService.updateDatabase(GeoIpService.java:150)
	at org.bukkit.craftbukkit.v1_8_R3.scheduler.CraftTask.run(CraftTask.java:59)
	at org.bukkit.craftbukkit.v1_8_R3.scheduler.CraftAsyncTask.run(CraftAsyncTask.java:53)
	at org.github.paperspigot.ServerSchedulerReportingWrapper.run(ServerSchedulerReportingWrapper.java:23)
	at java.base/java.util.concurrent.ThreadPoolExecutor.runWorker(ThreadPoolExecutor.java:1144)
	at java.base/java.util.concurrent.ThreadPoolExecutor$Worker.run(ThreadPoolExecutor.java:642)
	at java.base/java.lang.Thread.run(Thread.java:1583)

[02-23 01:12:21]: [FINE] FiredangerFN_aly logged in 0:0:0:0:0:0:0:1
[02-23 01:18:41]: [FINE] FiredangerFN_aly logged in 0:0:0:0:0:0:0:1
[02-23 01:21:24]: [FINE] FiredangerFN_aly logged in 0:0:0:0:0:0:0:1
[02-23 01:23:31]: [FINE] FiredangerFN registered 0:0:0:0:0:0:0:1
[02-23 01:23:31]: [FINE] The user FiredangerFN has 2 accounts:
[02-23 01:23:31]: [FINE] §7firedangerfn_aly, §aFiredangerFN§7.
[02-23 01:23:31]: [FINE] FiredangerFN logged in 0:0:0:0:0:0:0:1
[02-23 01:33:53]: [FINE] The user FiredangerFN has 2 accounts:
[02-23 01:33:53]: [FINE] §7firedangerfn_aly, §aFiredangerFN§7.
[02-23 01:33:53]: [FINE] FiredangerFN logged in 0:0:0:0:0:0:0:1
[02-23 01:39:36]: [INFO] AuthMe 5.6.0-bCUSTOM disabled!
[02-23 01:39:37]: [INFO] SQLite Setup finished
[02-23 01:39:37]: [INFO] No supported permissions system found! Permissions are disabled!
[02-23 01:39:37]: [INFO] Hooked successfully into Essentials
[02-23 01:39:37]: [WARN] WARNING! The protectInventory feature requires ProtocolLib! Disabling it...
[02-23 01:39:37]: [INFO] AuthMe 5.6.0 build n.CUSTOM successfully enabled!
[02-23 01:39:37]: [INFO] Downloading GEO IP database, because the old database is older than 30 days or doesn't exist
[02-23 01:39:37]: [WARN] No MaxMind credentials found in the configuration file! GeoIp protections will be disabled.
[02-23 01:39:37]: [INFO] There is no newer GEO IP database uploaded to MaxMind. Using the old one for now.
[02-23 01:39:37]: [WARN] Could not download GeoLiteAPI database [FileNotFoundException]: plugins/AuthMe/GeoLite2-Country.mmdb (No such file or directory)
[02-23 01:39:37]: java.io.FileNotFoundException: plugins/AuthMe/GeoLite2-Country.mmdb (No such file or directory)
	at java.base/java.io.RandomAccessFile.open0(Native Method)
	at java.base/java.io.RandomAccessFile.open(RandomAccessFile.java:356)
	at java.base/java.io.RandomAccessFile.<init>(RandomAccessFile.java:273)
	at java.base/java.io.RandomAccessFile.<init>(RandomAccessFile.java:223)
	at fr.xephi.authme.libs.com.maxmind.db.BufferHolder.<init>(BufferHolder.java:20)
	at fr.xephi.authme.libs.com.maxmind.db.Reader.<init>(Reader.java:121)
	at fr.xephi.authme.service.GeoIpService.startReading(GeoIpService.java:179)
	at fr.xephi.authme.service.GeoIpService.updateDatabase(GeoIpService.java:150)
	at org.bukkit.craftbukkit.v1_8_R3.scheduler.CraftTask.run(CraftTask.java:59)
	at org.bukkit.craftbukkit.v1_8_R3.scheduler.CraftAsyncTask.run(CraftAsyncTask.java:53)
	at org.github.paperspigot.ServerSchedulerReportingWrapper.run(ServerSchedulerReportingWrapper.java:23)
	at java.base/java.util.concurrent.ThreadPoolExecutor.runWorker(ThreadPoolExecutor.java:1144)
	at java.base/java.util.concurrent.ThreadPoolExecutor$Worker.run(ThreadPoolExecutor.java:642)
	at java.base/java.lang.Thread.run(Thread.java:1583)

[02-23 01:40:01]: [FINE] The user FiredangerFN has 2 accounts:
[02-23 01:40:01]: [FINE] §7firedangerfn_aly, §aFiredangerFN§7.
[02-23 01:40:01]: [FINE] FiredangerFN logged in 0:0:0:0:0:0:0:1
[02-23 01:40:31]: [FINE] The user FiredangerFN has 2 accounts:
[02-23 01:40:31]: [FINE] §7firedangerfn_aly, §aFiredangerFN§7.
[02-23 01:40:31]: [FINE] FiredangerFN logged in 0:0:0:0:0:0:0:1
[02-23 01:42:11]: [FINE] The user FiredangerFN has 2 accounts:
[02-23 01:42:11]: [FINE] §7firedangerfn_aly, §aFiredangerFN§7.
[02-23 01:42:11]: [FINE] FiredangerFN logged in 0:0:0:0:0:0:0:1
[02-23 01:46:27]: [INFO] AuthMe 5.6.0-bCUSTOM disabled!
[02-23 01:46:29]: [INFO] SQLite Setup finished
[02-23 01:46:29]: [INFO] No supported permissions system found! Permissions are disabled!
[02-23 01:46:29]: [INFO] Hooked successfully into Essentials
[02-23 01:46:29]: [WARN] WARNING! The protectInventory feature requires ProtocolLib! Disabling it...
[02-23 01:46:29]: [INFO] AuthMe 5.6.0 build n.CUSTOM successfully enabled!
[02-23 01:46:29]: [INFO] Downloading GEO IP database, because the old database is older than 30 days or doesn't exist
[02-23 01:46:29]: [WARN] No MaxMind credentials found in the configuration file! GeoIp protections will be disabled.
[02-23 01:46:29]: [INFO] There is no newer GEO IP database uploaded to MaxMind. Using the old one for now.
[02-23 01:46:29]: [WARN] Could not download GeoLiteAPI database [FileNotFoundException]: plugins/AuthMe/GeoLite2-Country.mmdb (No such file or directory)
[02-23 01:46:29]: java.io.FileNotFoundException: plugins/AuthMe/GeoLite2-Country.mmdb (No such file or directory)
	at java.base/java.io.RandomAccessFile.open0(Native Method)
	at java.base/java.io.RandomAccessFile.open(RandomAccessFile.java:356)
	at java.base/java.io.RandomAccessFile.<init>(RandomAccessFile.java:273)
	at java.base/java.io.RandomAccessFile.<init>(RandomAccessFile.java:223)
	at fr.xephi.authme.libs.com.maxmind.db.BufferHolder.<init>(BufferHolder.java:20)
	at fr.xephi.authme.libs.com.maxmind.db.Reader.<init>(Reader.java:121)
	at fr.xephi.authme.service.GeoIpService.startReading(GeoIpService.java:179)
	at fr.xephi.authme.service.GeoIpService.updateDatabase(GeoIpService.java:150)
	at org.bukkit.craftbukkit.v1_8_R3.scheduler.CraftTask.run(CraftTask.java:59)
	at org.bukkit.craftbukkit.v1_8_R3.scheduler.CraftAsyncTask.run(CraftAsyncTask.java:53)
	at org.github.paperspigot.ServerSchedulerReportingWrapper.run(ServerSchedulerReportingWrapper.java:23)
	at java.base/java.util.concurrent.ThreadPoolExecutor.runWorker(ThreadPoolExecutor.java:1144)
	at java.base/java.util.concurrent.ThreadPoolExecutor$Worker.run(ThreadPoolExecutor.java:642)
	at java.base/java.lang.Thread.run(Thread.java:1583)

[02-23 01:46:52]: [FINE] The user FiredangerFN has 2 accounts:
[02-23 01:46:52]: [FINE] §7firedangerfn_aly, §aFiredangerFN§7.
[02-23 01:46:52]: [FINE] FiredangerFN logged in 0:0:0:0:0:0:0:1
[02-23 01:47:21]: [FINE] The user FiredangerFN has 2 accounts:
[02-23 01:47:21]: [FINE] §7firedangerfn_aly, §aFiredangerFN§7.
[02-23 01:47:21]: [FINE] FiredangerFN logged in 0:0:0:0:0:0:0:1
[02-23 01:50:15]: [INFO] AuthMe 5.6.0-bCUSTOM disabled!
[02-23 01:50:17]: [INFO] SQLite Setup finished
[02-23 01:50:17]: [INFO] No supported permissions system found! Permissions are disabled!
[02-23 01:50:17]: [INFO] Hooked successfully into Essentials
[02-23 01:50:17]: [WARN] WARNING! The protectInventory feature requires ProtocolLib! Disabling it...
[02-23 01:50:17]: [INFO] AuthMe 5.6.0 build n.CUSTOM successfully enabled!
[02-23 01:50:17]: [INFO] Downloading GEO IP database, because the old database is older than 30 days or doesn't exist
[02-23 01:50:17]: [WARN] No MaxMind credentials found in the configuration file! GeoIp protections will be disabled.
[02-23 01:50:17]: [INFO] There is no newer GEO IP database uploaded to MaxMind. Using the old one for now.
[02-23 01:50:17]: [WARN] Could not download GeoLiteAPI database [FileNotFoundException]: plugins/AuthMe/GeoLite2-Country.mmdb (No such file or directory)
[02-23 01:50:17]: java.io.FileNotFoundException: plugins/AuthMe/GeoLite2-Country.mmdb (No such file or directory)
	at java.base/java.io.RandomAccessFile.open0(Native Method)
	at java.base/java.io.RandomAccessFile.open(RandomAccessFile.java:356)
	at java.base/java.io.RandomAccessFile.<init>(RandomAccessFile.java:273)
	at java.base/java.io.RandomAccessFile.<init>(RandomAccessFile.java:223)
	at fr.xephi.authme.libs.com.maxmind.db.BufferHolder.<init>(BufferHolder.java:20)
	at fr.xephi.authme.libs.com.maxmind.db.Reader.<init>(Reader.java:121)
	at fr.xephi.authme.service.GeoIpService.startReading(GeoIpService.java:179)
	at fr.xephi.authme.service.GeoIpService.updateDatabase(GeoIpService.java:150)
	at org.bukkit.craftbukkit.v1_8_R3.scheduler.CraftTask.run(CraftTask.java:59)
	at org.bukkit.craftbukkit.v1_8_R3.scheduler.CraftAsyncTask.run(CraftAsyncTask.java:53)
	at org.github.paperspigot.ServerSchedulerReportingWrapper.run(ServerSchedulerReportingWrapper.java:23)
	at java.base/java.util.concurrent.ThreadPoolExecutor.runWorker(ThreadPoolExecutor.java:1144)
	at java.base/java.util.concurrent.ThreadPoolExecutor$Worker.run(ThreadPoolExecutor.java:642)
	at java.base/java.lang.Thread.run(Thread.java:1583)

[02-23 01:50:27]: [FINE] The user FiredangerFN has 2 accounts:
[02-23 01:50:27]: [FINE] §7firedangerfn_aly, §aFiredangerFN§7.
[02-23 01:50:27]: [FINE] FiredangerFN logged in 0:0:0:0:0:0:0:1
[02-23 01:51:31]: [FINE] The user FiredangerFN has 2 accounts:
[02-23 01:51:31]: [FINE] §7firedangerfn_aly, §aFiredangerFN§7.
[02-23 01:51:31]: [FINE] FiredangerFN logged in 0:0:0:0:0:0:0:1
[02-23 01:51:35]: [INFO] AuthMe 5.6.0-bCUSTOM disabled!
[02-23 01:51:37]: [INFO] SQLite Setup finished
[02-23 01:51:37]: [INFO] No supported permissions system found! Permissions are disabled!
[02-23 01:51:37]: [INFO] Hooked successfully into Essentials
[02-23 01:51:37]: [WARN] WARNING! The protectInventory feature requires ProtocolLib! Disabling it...
[02-23 01:51:37]: [INFO] AuthMe 5.6.0 build n.CUSTOM successfully enabled!
[02-23 01:51:37]: [INFO] Downloading GEO IP database, because the old database is older than 30 days or doesn't exist
[02-23 01:51:37]: [WARN] No MaxMind credentials found in the configuration file! GeoIp protections will be disabled.
[02-23 01:51:37]: [INFO] There is no newer GEO IP database uploaded to MaxMind. Using the old one for now.
[02-23 01:51:37]: [WARN] Could not download GeoLiteAPI database [FileNotFoundException]: plugins/AuthMe/GeoLite2-Country.mmdb (No such file or directory)
[02-23 01:51:37]: java.io.FileNotFoundException: plugins/AuthMe/GeoLite2-Country.mmdb (No such file or directory)
	at java.base/java.io.RandomAccessFile.open0(Native Method)
	at java.base/java.io.RandomAccessFile.open(RandomAccessFile.java:356)
	at java.base/java.io.RandomAccessFile.<init>(RandomAccessFile.java:273)
	at java.base/java.io.RandomAccessFile.<init>(RandomAccessFile.java:223)
	at fr.xephi.authme.libs.com.maxmind.db.BufferHolder.<init>(BufferHolder.java:20)
	at fr.xephi.authme.libs.com.maxmind.db.Reader.<init>(Reader.java:121)
	at fr.xephi.authme.service.GeoIpService.startReading(GeoIpService.java:179)
	at fr.xephi.authme.service.GeoIpService.updateDatabase(GeoIpService.java:150)
	at org.bukkit.craftbukkit.v1_8_R3.scheduler.CraftTask.run(CraftTask.java:59)
	at org.bukkit.craftbukkit.v1_8_R3.scheduler.CraftAsyncTask.run(CraftAsyncTask.java:53)
	at org.github.paperspigot.ServerSchedulerReportingWrapper.run(ServerSchedulerReportingWrapper.java:23)
	at java.base/java.util.concurrent.ThreadPoolExecutor.runWorker(ThreadPoolExecutor.java:1144)
	at java.base/java.util.concurrent.ThreadPoolExecutor$Worker.run(ThreadPoolExecutor.java:642)
	at java.base/java.lang.Thread.run(Thread.java:1583)

[02-23 01:51:44]: [FINE] The user FiredangerFN has 2 accounts:
[02-23 01:51:44]: [FINE] §7firedangerfn_aly, §aFiredangerFN§7.
[02-23 01:51:44]: [FINE] FiredangerFN logged in 0:0:0:0:0:0:0:1
[02-23 01:52:55]: [FINE] sajndijawasd registered 0:0:0:0:0:0:0:1
[02-23 01:52:55]: [FINE] The user sajndijawasd has 3 accounts:
[02-23 01:52:55]: [FINE] §7firedangerfn_aly, firedangerfn, §asajndijawasd§7.
[02-23 01:52:55]: [FINE] sajndijawasd logged in 0:0:0:0:0:0:0:1
[02-23 01:53:16]: [FINE] The user sajndijawasd has 3 accounts:
[02-23 01:53:16]: [FINE] §7firedangerfn_aly, firedangerfn, §asajndijawasd§7.
[02-23 01:53:16]: [FINE] sajndijawasd logged in 0:0:0:0:0:0:0:1
[02-23 01:53:34]: [FINE] The user sajndijawasd has 3 accounts:
[02-23 01:53:34]: [FINE] §7firedangerfn_aly, firedangerfn, §asajndijawasd§7.
[02-23 01:53:34]: [FINE] sajndijawasd logged in 0:0:0:0:0:0:0:1
[02-23 01:57:05]: [FINE] sajndijawasd used the wrong password
[02-23 01:57:14]: [FINE] The user sajndijawasd has 3 accounts:
[02-23 01:57:14]: [FINE] §7firedangerfn_aly, firedangerfn, §asajndijawasd§7.
[02-23 01:57:14]: [FINE] sajndijawasd logged in 0:0:0:0:0:0:0:1
[02-23 01:57:33]: [FINE] The user sajndijawasd has 3 accounts:
[02-23 01:57:33]: [FINE] §7firedangerfn_aly, firedangerfn, §asajndijawasd§7.
[02-23 01:57:33]: [FINE] sajndijawasd logged in 0:0:0:0:0:0:0:1
[02-23 02:03:00]: [INFO] AuthMe 5.6.0-bCUSTOM disabled!
[02-23 02:03:01]: [INFO] SQLite Setup finished
[02-23 02:03:01]: [INFO] No supported permissions system found! Permissions are disabled!
[02-23 02:03:01]: [INFO] Hooked successfully into Essentials
[02-23 02:03:01]: [WARN] WARNING! The protectInventory feature requires ProtocolLib! Disabling it...
[02-23 02:03:01]: [INFO] AuthMe 5.6.0 build n.CUSTOM successfully enabled!
[02-23 02:03:02]: [INFO] Downloading GEO IP database, because the old database is older than 30 days or doesn't exist
[02-23 02:03:02]: [WARN] No MaxMind credentials found in the configuration file! GeoIp protections will be disabled.
[02-23 02:03:02]: [INFO] There is no newer GEO IP database uploaded to MaxMind. Using the old one for now.
[02-23 02:03:02]: [WARN] Could not download GeoLiteAPI database [FileNotFoundException]: plugins/AuthMe/GeoLite2-Country.mmdb (No such file or directory)
[02-23 02:03:02]: java.io.FileNotFoundException: plugins/AuthMe/GeoLite2-Country.mmdb (No such file or directory)
	at java.base/java.io.RandomAccessFile.open0(Native Method)
	at java.base/java.io.RandomAccessFile.open(RandomAccessFile.java:356)
	at java.base/java.io.RandomAccessFile.<init>(RandomAccessFile.java:273)
	at java.base/java.io.RandomAccessFile.<init>(RandomAccessFile.java:223)
	at fr.xephi.authme.libs.com.maxmind.db.BufferHolder.<init>(BufferHolder.java:20)
	at fr.xephi.authme.libs.com.maxmind.db.Reader.<init>(Reader.java:121)
	at fr.xephi.authme.service.GeoIpService.startReading(GeoIpService.java:179)
	at fr.xephi.authme.service.GeoIpService.updateDatabase(GeoIpService.java:150)
	at org.bukkit.craftbukkit.v1_8_R3.scheduler.CraftTask.run(CraftTask.java:59)
	at org.bukkit.craftbukkit.v1_8_R3.scheduler.CraftAsyncTask.run(CraftAsyncTask.java:53)
	at org.github.paperspigot.ServerSchedulerReportingWrapper.run(ServerSchedulerReportingWrapper.java:23)
	at java.base/java.util.concurrent.ThreadPoolExecutor.runWorker(ThreadPoolExecutor.java:1144)
	at java.base/java.util.concurrent.ThreadPoolExecutor$Worker.run(ThreadPoolExecutor.java:642)
	at java.base/java.lang.Thread.run(Thread.java:1583)

[02-23 02:03:44]: [FINE] sajndijawasd used the wrong password
[02-23 02:03:53]: [FINE] The user sajndijawasd has 3 accounts:
[02-23 02:03:53]: [FINE] §7firedangerfn_aly, firedangerfn, §asajndijawasd§7.
[02-23 02:03:53]: [FINE] sajndijawasd logged in 0:0:0:0:0:0:0:1
[02-23 02:08:10]: [INFO] AuthMe 5.6.0-bCUSTOM disabled!
[02-23 02:08:11]: [INFO] SQLite Setup finished
[02-23 02:08:11]: [INFO] No supported permissions system found! Permissions are disabled!
[02-23 02:08:11]: [INFO] Hooked successfully into Essentials
[02-23 02:08:11]: [WARN] WARNING! The protectInventory feature requires ProtocolLib! Disabling it...
[02-23 02:08:11]: [INFO] AuthMe 5.6.0 build n.CUSTOM successfully enabled!
[02-23 02:08:11]: [INFO] Downloading GEO IP database, because the old database is older than 30 days or doesn't exist
[02-23 02:08:11]: [WARN] No MaxMind credentials found in the configuration file! GeoIp protections will be disabled.
[02-23 02:08:11]: [INFO] There is no newer GEO IP database uploaded to MaxMind. Using the old one for now.
[02-23 02:08:11]: [WARN] Could not download GeoLiteAPI database [FileNotFoundException]: plugins/AuthMe/GeoLite2-Country.mmdb (No such file or directory)
[02-23 02:08:11]: java.io.FileNotFoundException: plugins/AuthMe/GeoLite2-Country.mmdb (No such file or directory)
	at java.base/java.io.RandomAccessFile.open0(Native Method)
	at java.base/java.io.RandomAccessFile.open(RandomAccessFile.java:356)
	at java.base/java.io.RandomAccessFile.<init>(RandomAccessFile.java:273)
	at java.base/java.io.RandomAccessFile.<init>(RandomAccessFile.java:223)
	at fr.xephi.authme.libs.com.maxmind.db.BufferHolder.<init>(BufferHolder.java:20)
	at fr.xephi.authme.libs.com.maxmind.db.Reader.<init>(Reader.java:121)
	at fr.xephi.authme.service.GeoIpService.startReading(GeoIpService.java:179)
	at fr.xephi.authme.service.GeoIpService.updateDatabase(GeoIpService.java:150)
	at org.bukkit.craftbukkit.v1_8_R3.scheduler.CraftTask.run(CraftTask.java:59)
	at org.bukkit.craftbukkit.v1_8_R3.scheduler.CraftAsyncTask.run(CraftAsyncTask.java:53)
	at org.github.paperspigot.ServerSchedulerReportingWrapper.run(ServerSchedulerReportingWrapper.java:23)
	at java.base/java.util.concurrent.ThreadPoolExecutor.runWorker(ThreadPoolExecutor.java:1144)
	at java.base/java.util.concurrent.ThreadPoolExecutor$Worker.run(ThreadPoolExecutor.java:642)
	at java.base/java.lang.Thread.run(Thread.java:1583)

[02-23 02:09:16]: [FINE] sajndijawasd used the wrong password
[02-23 02:09:26]: [FINE] The user sajndijawasd has 3 accounts:
[02-23 02:09:26]: [FINE] §7firedangerfn_aly, firedangerfn, §asajndijawasd§7.
[02-23 02:09:26]: [FINE] sajndijawasd logged in 0:0:0:0:0:0:0:1
[02-23 02:09:49]: [FINE] The user sajndijawasd has 3 accounts:
[02-23 02:09:49]: [FINE] §7firedangerfn_aly, firedangerfn, §asajndijawasd§7.
[02-23 02:09:49]: [FINE] sajndijawasd logged in 0:0:0:0:0:0:0:1
[02-23 02:11:29]: [FINE] The user sajndijawasd has 3 accounts:
[02-23 02:11:29]: [FINE] §7firedangerfn_aly, firedangerfn, §asajndijawasd§7.
[02-23 02:11:29]: [FINE] sajndijawasd logged in 0:0:0:0:0:0:0:1
[02-23 02:12:14]: [FINE] sajndijawasdd registered 0:0:0:0:0:0:0:1
[02-23 02:12:14]: [FINE] The user sajndijawasdd has 4 accounts:
[02-23 02:12:14]: [FINE] §7firedangerfn_aly, firedangerfn, sajndijawasd, §asajndijawasdd§7.
[02-23 02:12:14]: [FINE] sajndijawasdd logged in 0:0:0:0:0:0:0:1
[02-23 02:12:59]: [FINE] The user sajndijawasdd has 4 accounts:
[02-23 02:12:59]: [FINE] §7firedangerfn_aly, firedangerfn, sajndijawasd, §asajndijawasdd§7.
[02-23 02:12:59]: [FINE] sajndijawasdd logged in 0:0:0:0:0:0:0:1
[02-23 02:17:40]: [FINE] The user sajndijawasdd has 4 accounts:
[02-23 02:17:40]: [FINE] §7firedangerfn_aly, firedangerfn, sajndijawasd, §asajndijawasdd§7.
[02-23 02:17:40]: [FINE] sajndijawasdd logged in 0:0:0:0:0:0:0:1
[02-23 02:18:12]: [FINE] The user FiredangerFN has 4 accounts:
[02-23 02:18:12]: [FINE] §7firedangerfn_aly, §aFiredangerFN§7, sajndijawasd, sajndijawasdd.
[02-23 02:18:12]: [FINE] FiredangerFN logged in 0:0:0:0:0:0:0:1
[02-23 02:24:16]: [INFO] AuthMe 5.6.0-bCUSTOM disabled!
[02-23 02:24:39]: [INFO] SQLite Setup finished
[02-23 02:24:39]: [INFO] No supported permissions system found! Permissions are disabled!
[02-23 02:24:40]: [INFO] Hooked successfully into Essentials
[02-23 02:24:40]: [WARN] WARNING! The protectInventory feature requires ProtocolLib! Disabling it...
[02-23 02:24:40]: [INFO] AuthMe 5.6.0 build n.CUSTOM successfully enabled!
[02-23 02:24:40]: [INFO] Downloading GEO IP database, because the old database is older than 30 days or doesn't exist
[02-23 02:24:40]: [WARN] No MaxMind credentials found in the configuration file! GeoIp protections will be disabled.
[02-23 02:24:40]: [INFO] There is no newer GEO IP database uploaded to MaxMind. Using the old one for now.
[02-23 02:24:40]: [WARN] Could not download GeoLiteAPI database [FileNotFoundException]: plugins/AuthMe/GeoLite2-Country.mmdb (No such file or directory)
[02-23 02:24:40]: java.io.FileNotFoundException: plugins/AuthMe/GeoLite2-Country.mmdb (No such file or directory)
	at java.base/java.io.RandomAccessFile.open0(Native Method)
	at java.base/java.io.RandomAccessFile.open(RandomAccessFile.java:356)
	at java.base/java.io.RandomAccessFile.<init>(RandomAccessFile.java:273)
	at java.base/java.io.RandomAccessFile.<init>(RandomAccessFile.java:223)
	at fr.xephi.authme.libs.com.maxmind.db.BufferHolder.<init>(BufferHolder.java:20)
	at fr.xephi.authme.libs.com.maxmind.db.Reader.<init>(Reader.java:121)
	at fr.xephi.authme.service.GeoIpService.startReading(GeoIpService.java:179)
	at fr.xephi.authme.service.GeoIpService.updateDatabase(GeoIpService.java:150)
	at org.bukkit.craftbukkit.v1_8_R3.scheduler.CraftTask.run(CraftTask.java:59)
	at org.bukkit.craftbukkit.v1_8_R3.scheduler.CraftAsyncTask.run(CraftAsyncTask.java:53)
	at org.github.paperspigot.ServerSchedulerReportingWrapper.run(ServerSchedulerReportingWrapper.java:23)
	at java.base/java.util.concurrent.ThreadPoolExecutor.runWorker(ThreadPoolExecutor.java:1144)
	at java.base/java.util.concurrent.ThreadPoolExecutor$Worker.run(ThreadPoolExecutor.java:642)
	at java.base/java.lang.Thread.run(Thread.java:1583)

[02-23 02:29:43]: [FINE] The user FiredangerFN has 4 accounts:
[02-23 02:29:43]: [FINE] §7firedangerfn_aly, §aFiredangerFN§7, sajndijawasd, sajndijawasdd.
[02-23 02:29:43]: [FINE] FiredangerFN logged in 0:0:0:0:0:0:0:1
[02-23 02:29:51]: [INFO] AuthMe 5.6.0-bCUSTOM disabled!
[02-23 02:30:18]: [INFO] SQLite Setup finished
[02-23 02:30:18]: [INFO] No supported permissions system found! Permissions are disabled!
[02-23 02:30:18]: [INFO] Hooked successfully into Essentials
[02-23 02:30:18]: [WARN] WARNING! The protectInventory feature requires ProtocolLib! Disabling it...
[02-23 02:30:18]: [INFO] AuthMe 5.6.0 build n.CUSTOM successfully enabled!
[02-23 02:30:18]: [INFO] Downloading GEO IP database, because the old database is older than 30 days or doesn't exist
[02-23 02:30:18]: [WARN] No MaxMind credentials found in the configuration file! GeoIp protections will be disabled.
[02-23 02:30:18]: [INFO] There is no newer GEO IP database uploaded to MaxMind. Using the old one for now.
[02-23 02:30:18]: [WARN] Could not download GeoLiteAPI database [FileNotFoundException]: plugins/AuthMe/GeoLite2-Country.mmdb (No such file or directory)
[02-23 02:30:18]: java.io.FileNotFoundException: plugins/AuthMe/GeoLite2-Country.mmdb (No such file or directory)
	at java.base/java.io.RandomAccessFile.open0(Native Method)
	at java.base/java.io.RandomAccessFile.open(RandomAccessFile.java:356)
	at java.base/java.io.RandomAccessFile.<init>(RandomAccessFile.java:273)
	at java.base/java.io.RandomAccessFile.<init>(RandomAccessFile.java:223)
	at fr.xephi.authme.libs.com.maxmind.db.BufferHolder.<init>(BufferHolder.java:20)
	at fr.xephi.authme.libs.com.maxmind.db.Reader.<init>(Reader.java:121)
	at fr.xephi.authme.service.GeoIpService.startReading(GeoIpService.java:179)
	at fr.xephi.authme.service.GeoIpService.updateDatabase(GeoIpService.java:150)
	at org.bukkit.craftbukkit.v1_8_R3.scheduler.CraftTask.run(CraftTask.java:59)
	at org.bukkit.craftbukkit.v1_8_R3.scheduler.CraftAsyncTask.run(CraftAsyncTask.java:53)
	at org.github.paperspigot.ServerSchedulerReportingWrapper.run(ServerSchedulerReportingWrapper.java:23)
	at java.base/java.util.concurrent.ThreadPoolExecutor.runWorker(ThreadPoolExecutor.java:1144)
	at java.base/java.util.concurrent.ThreadPoolExecutor$Worker.run(ThreadPoolExecutor.java:642)
	at java.base/java.lang.Thread.run(Thread.java:1583)

[02-23 02:30:36]: [FINE] The user FiredangerFN has 4 accounts:
[02-23 02:30:36]: [FINE] §7firedangerfn_aly, §aFiredangerFN§7, sajndijawasd, sajndijawasdd.
[02-23 02:30:36]: [FINE] FiredangerFN logged in 0:0:0:0:0:0:0:1
[02-23 02:32:09]: [INFO] AuthMe 5.6.0-bCUSTOM disabled!
[02-23 02:32:32]: [INFO] SQLite Setup finished
[02-23 02:32:33]: [INFO] No supported permissions system found! Permissions are disabled!
[02-23 02:32:33]: [INFO] Hooked successfully into Essentials
[02-23 02:32:33]: [WARN] WARNING! The protectInventory feature requires ProtocolLib! Disabling it...
[02-23 02:32:33]: [INFO] AuthMe 5.6.0 build n.CUSTOM successfully enabled!
[02-23 02:32:33]: [INFO] Downloading GEO IP database, because the old database is older than 30 days or doesn't exist
[02-23 02:32:33]: [WARN] No MaxMind credentials found in the configuration file! GeoIp protections will be disabled.
[02-23 02:32:33]: [INFO] There is no newer GEO IP database uploaded to MaxMind. Using the old one for now.
[02-23 02:32:33]: [WARN] Could not download GeoLiteAPI database [FileNotFoundException]: plugins/AuthMe/GeoLite2-Country.mmdb (No such file or directory)
[02-23 02:32:33]: java.io.FileNotFoundException: plugins/AuthMe/GeoLite2-Country.mmdb (No such file or directory)
	at java.base/java.io.RandomAccessFile.open0(Native Method)
	at java.base/java.io.RandomAccessFile.open(RandomAccessFile.java:356)
	at java.base/java.io.RandomAccessFile.<init>(RandomAccessFile.java:273)
	at java.base/java.io.RandomAccessFile.<init>(RandomAccessFile.java:223)
	at fr.xephi.authme.libs.com.maxmind.db.BufferHolder.<init>(BufferHolder.java:20)
	at fr.xephi.authme.libs.com.maxmind.db.Reader.<init>(Reader.java:121)
	at fr.xephi.authme.service.GeoIpService.startReading(GeoIpService.java:179)
	at fr.xephi.authme.service.GeoIpService.updateDatabase(GeoIpService.java:150)
	at org.bukkit.craftbukkit.v1_8_R3.scheduler.CraftTask.run(CraftTask.java:59)
	at org.bukkit.craftbukkit.v1_8_R3.scheduler.CraftAsyncTask.run(CraftAsyncTask.java:53)
	at org.github.paperspigot.ServerSchedulerReportingWrapper.run(ServerSchedulerReportingWrapper.java:23)
	at java.base/java.util.concurrent.ThreadPoolExecutor.runWorker(ThreadPoolExecutor.java:1144)
	at java.base/java.util.concurrent.ThreadPoolExecutor$Worker.run(ThreadPoolExecutor.java:642)
	at java.base/java.lang.Thread.run(Thread.java:1583)

[02-23 02:34:38]: [INFO] AuthMe 5.6.0-bCUSTOM disabled!
[02-23 02:34:57]: [INFO] SQLite Setup finished
[02-23 02:34:57]: [INFO] No supported permissions system found! Permissions are disabled!
[02-23 02:34:57]: [INFO] Hooked successfully into Essentials
[02-23 02:34:57]: [WARN] WARNING! The protectInventory feature requires ProtocolLib! Disabling it...
[02-23 02:34:58]: [INFO] AuthMe 5.6.0 build n.CUSTOM successfully enabled!
[02-23 02:34:58]: [INFO] Downloading GEO IP database, because the old database is older than 30 days or doesn't exist
[02-23 02:34:58]: [WARN] No MaxMind credentials found in the configuration file! GeoIp protections will be disabled.
[02-23 02:34:58]: [INFO] There is no newer GEO IP database uploaded to MaxMind. Using the old one for now.
[02-23 02:34:58]: [WARN] Could not download GeoLiteAPI database [FileNotFoundException]: plugins/AuthMe/GeoLite2-Country.mmdb (No such file or directory)
[02-23 02:34:58]: java.io.FileNotFoundException: plugins/AuthMe/GeoLite2-Country.mmdb (No such file or directory)
	at java.base/java.io.RandomAccessFile.open0(Native Method)
	at java.base/java.io.RandomAccessFile.open(RandomAccessFile.java:356)
	at java.base/java.io.RandomAccessFile.<init>(RandomAccessFile.java:273)
	at java.base/java.io.RandomAccessFile.<init>(RandomAccessFile.java:223)
	at fr.xephi.authme.libs.com.maxmind.db.BufferHolder.<init>(BufferHolder.java:20)
	at fr.xephi.authme.libs.com.maxmind.db.Reader.<init>(Reader.java:121)
	at fr.xephi.authme.service.GeoIpService.startReading(GeoIpService.java:179)
	at fr.xephi.authme.service.GeoIpService.updateDatabase(GeoIpService.java:150)
	at org.bukkit.craftbukkit.v1_8_R3.scheduler.CraftTask.run(CraftTask.java:59)
	at org.bukkit.craftbukkit.v1_8_R3.scheduler.CraftAsyncTask.run(CraftAsyncTask.java:53)
	at org.github.paperspigot.ServerSchedulerReportingWrapper.run(ServerSchedulerReportingWrapper.java:23)
	at java.base/java.util.concurrent.ThreadPoolExecutor.runWorker(ThreadPoolExecutor.java:1144)
	at java.base/java.util.concurrent.ThreadPoolExecutor$Worker.run(ThreadPoolExecutor.java:642)
	at java.base/java.lang.Thread.run(Thread.java:1583)

[02-23 02:35:19]: [FINE] The user FiredangerFN has 4 accounts:
[02-23 02:35:19]: [FINE] §7firedangerfn_aly, §aFiredangerFN§7, sajndijawasd, sajndijawasdd.
[02-23 02:35:19]: [FINE] FiredangerFN logged in 0:0:0:0:0:0:0:1
[02-23 02:40:06]: [FINE] The user FiredangerFN has 4 accounts:
[02-23 02:40:06]: [FINE] §7firedangerfn_aly, §aFiredangerFN§7, sajndijawasd, sajndijawasdd.
[02-23 02:40:06]: [FINE] FiredangerFN logged in 0:0:0:0:0:0:0:1
[02-23 02:42:05]: [INFO] AuthMe 5.6.0-bCUSTOM disabled!
[02-23 16:21:56]: [INFO] SQLite Setup finished
[02-23 16:21:56]: [INFO] No supported permissions system found! Permissions are disabled!
[02-23 16:21:56]: [INFO] Hooked successfully into Essentials
[02-23 16:21:56]: [WARN] WARNING! The protectInventory feature requires ProtocolLib! Disabling it...
[02-23 16:21:57]: [INFO] AuthMe 5.6.0 build n.CUSTOM successfully enabled!
[02-23 16:21:57]: [INFO] Downloading GEO IP database, because the old database is older than 30 days or doesn't exist
[02-23 16:21:57]: [WARN] No MaxMind credentials found in the configuration file! GeoIp protections will be disabled.
[02-23 16:21:57]: [INFO] There is no newer GEO IP database uploaded to MaxMind. Using the old one for now.
[02-23 16:21:57]: [WARN] Could not download GeoLiteAPI database [FileNotFoundException]: plugins/AuthMe/GeoLite2-Country.mmdb (No such file or directory)
[02-23 16:21:57]: java.io.FileNotFoundException: plugins/AuthMe/GeoLite2-Country.mmdb (No such file or directory)
	at java.base/java.io.RandomAccessFile.open0(Native Method)
	at java.base/java.io.RandomAccessFile.open(RandomAccessFile.java:356)
	at java.base/java.io.RandomAccessFile.<init>(RandomAccessFile.java:273)
	at java.base/java.io.RandomAccessFile.<init>(RandomAccessFile.java:223)
	at fr.xephi.authme.libs.com.maxmind.db.BufferHolder.<init>(BufferHolder.java:20)
	at fr.xephi.authme.libs.com.maxmind.db.Reader.<init>(Reader.java:121)
	at fr.xephi.authme.service.GeoIpService.startReading(GeoIpService.java:179)
	at fr.xephi.authme.service.GeoIpService.updateDatabase(GeoIpService.java:150)
	at org.bukkit.craftbukkit.v1_8_R3.scheduler.CraftTask.run(CraftTask.java:59)
	at org.bukkit.craftbukkit.v1_8_R3.scheduler.CraftAsyncTask.run(CraftAsyncTask.java:53)
	at org.github.paperspigot.ServerSchedulerReportingWrapper.run(ServerSchedulerReportingWrapper.java:23)
	at java.base/java.util.concurrent.ThreadPoolExecutor.runWorker(ThreadPoolExecutor.java:1144)
	at java.base/java.util.concurrent.ThreadPoolExecutor$Worker.run(ThreadPoolExecutor.java:642)
	at java.base/java.lang.Thread.run(Thread.java:1583)

[02-23 16:23:00]: [FINE] The user FiredangerFN has 4 accounts:
[02-23 16:23:00]: [FINE] §7firedangerfn_aly, §aFiredangerFN§7, sajndijawasd, sajndijawasdd.
[02-23 16:23:00]: [FINE] FiredangerFN logged in 0:0:0:0:0:0:0:1
[02-23 16:25:22]: [FINE] The user FiredangerFN has 4 accounts:
[02-23 16:25:22]: [FINE] §7firedangerfn_aly, §aFiredangerFN§7, sajndijawasd, sajndijawasdd.
[02-23 16:25:22]: [FINE] FiredangerFN logged in 0:0:0:0:0:0:0:1
[02-23 16:30:44]: [FINE] The user FiredangerFN has 4 accounts:
[02-23 16:30:44]: [FINE] §7firedangerfn_aly, §aFiredangerFN§7, sajndijawasd, sajndijawasdd.
[02-23 16:30:44]: [FINE] FiredangerFN logged in 0:0:0:0:0:0:0:1
[02-23 16:32:38]: [FINE] The user FiredangerFN has 4 accounts:
[02-23 16:32:38]: [FINE] §7firedangerfn_aly, §aFiredangerFN§7, sajndijawasd, sajndijawasdd.
[02-23 16:32:38]: [FINE] FiredangerFN logged in 0:0:0:0:0:0:0:1
[02-23 16:38:18]: [FINE] The user FiredangerFN has 4 accounts:
[02-23 16:38:18]: [FINE] §7firedangerfn_aly, §aFiredangerFN§7, sajndijawasd, sajndijawasdd.
[02-23 16:38:18]: [FINE] FiredangerFN logged in 0:0:0:0:0:0:0:1
[02-23 16:45:31]: [INFO] AuthMe 5.6.0-bCUSTOM disabled!
[02-23 16:45:32]: [INFO] SQLite Setup finished
[02-23 16:45:32]: [INFO] No supported permissions system found! Permissions are disabled!
[02-23 16:45:32]: [INFO] Hooked successfully into Essentials
[02-23 16:45:32]: [WARN] WARNING! The protectInventory feature requires ProtocolLib! Disabling it...
[02-23 16:45:32]: [INFO] AuthMe 5.6.0 build n.CUSTOM successfully enabled!
[02-23 16:45:32]: [INFO] Downloading GEO IP database, because the old database is older than 30 days or doesn't exist
[02-23 16:45:32]: [WARN] No MaxMind credentials found in the configuration file! GeoIp protections will be disabled.
[02-23 16:45:32]: [INFO] There is no newer GEO IP database uploaded to MaxMind. Using the old one for now.
[02-23 16:45:32]: [WARN] Could not download GeoLiteAPI database [FileNotFoundException]: plugins/AuthMe/GeoLite2-Country.mmdb (No such file or directory)
[02-23 16:45:32]: java.io.FileNotFoundException: plugins/AuthMe/GeoLite2-Country.mmdb (No such file or directory)
	at java.base/java.io.RandomAccessFile.open0(Native Method)
	at java.base/java.io.RandomAccessFile.open(RandomAccessFile.java:356)
	at java.base/java.io.RandomAccessFile.<init>(RandomAccessFile.java:273)
	at java.base/java.io.RandomAccessFile.<init>(RandomAccessFile.java:223)
	at fr.xephi.authme.libs.com.maxmind.db.BufferHolder.<init>(BufferHolder.java:20)
	at fr.xephi.authme.libs.com.maxmind.db.Reader.<init>(Reader.java:121)
	at fr.xephi.authme.service.GeoIpService.startReading(GeoIpService.java:179)
	at fr.xephi.authme.service.GeoIpService.updateDatabase(GeoIpService.java:150)
	at org.bukkit.craftbukkit.v1_8_R3.scheduler.CraftTask.run(CraftTask.java:59)
	at org.bukkit.craftbukkit.v1_8_R3.scheduler.CraftAsyncTask.run(CraftAsyncTask.java:53)
	at org.github.paperspigot.ServerSchedulerReportingWrapper.run(ServerSchedulerReportingWrapper.java:23)
	at java.base/java.util.concurrent.ThreadPoolExecutor.runWorker(ThreadPoolExecutor.java:1144)
	at java.base/java.util.concurrent.ThreadPoolExecutor$Worker.run(ThreadPoolExecutor.java:642)
	at java.base/java.lang.Thread.run(Thread.java:1583)

[02-23 16:45:43]: [INFO] AuthMe 5.6.0-bCUSTOM disabled!
[02-23 16:45:57]: [INFO] SQLite Setup finished
[02-23 16:45:57]: [INFO] No supported permissions system found! Permissions are disabled!
[02-23 16:45:57]: [INFO] Hooked successfully into Essentials
[02-23 16:45:57]: [WARN] WARNING! The protectInventory feature requires ProtocolLib! Disabling it...
[02-23 16:45:57]: [INFO] AuthMe 5.6.0 build n.CUSTOM successfully enabled!
[02-23 16:45:57]: [INFO] Downloading GEO IP database, because the old database is older than 30 days or doesn't exist
[02-23 16:45:57]: [WARN] No MaxMind credentials found in the configuration file! GeoIp protections will be disabled.
[02-23 16:45:57]: [INFO] There is no newer GEO IP database uploaded to MaxMind. Using the old one for now.
[02-23 16:45:57]: [WARN] Could not download GeoLiteAPI database [FileNotFoundException]: plugins/AuthMe/GeoLite2-Country.mmdb (No such file or directory)
[02-23 16:45:57]: java.io.FileNotFoundException: plugins/AuthMe/GeoLite2-Country.mmdb (No such file or directory)
	at java.base/java.io.RandomAccessFile.open0(Native Method)
	at java.base/java.io.RandomAccessFile.open(RandomAccessFile.java:356)
	at java.base/java.io.RandomAccessFile.<init>(RandomAccessFile.java:273)
	at java.base/java.io.RandomAccessFile.<init>(RandomAccessFile.java:223)
	at fr.xephi.authme.libs.com.maxmind.db.BufferHolder.<init>(BufferHolder.java:20)
	at fr.xephi.authme.libs.com.maxmind.db.Reader.<init>(Reader.java:121)
	at fr.xephi.authme.service.GeoIpService.startReading(GeoIpService.java:179)
	at fr.xephi.authme.service.GeoIpService.updateDatabase(GeoIpService.java:150)
	at org.bukkit.craftbukkit.v1_8_R3.scheduler.CraftTask.run(CraftTask.java:59)
	at org.bukkit.craftbukkit.v1_8_R3.scheduler.CraftAsyncTask.run(CraftAsyncTask.java:53)
	at org.github.paperspigot.ServerSchedulerReportingWrapper.run(ServerSchedulerReportingWrapper.java:23)
	at java.base/java.util.concurrent.ThreadPoolExecutor.runWorker(ThreadPoolExecutor.java:1144)
	at java.base/java.util.concurrent.ThreadPoolExecutor$Worker.run(ThreadPoolExecutor.java:642)
	at java.base/java.lang.Thread.run(Thread.java:1583)

[02-23 16:46:10]: [FINE] The user FiredangerFN has 4 accounts:
[02-23 16:46:10]: [FINE] §7firedangerfn_aly, §aFiredangerFN§7, sajndijawasd, sajndijawasdd.
[02-23 16:46:10]: [FINE] FiredangerFN logged in 0:0:0:0:0:0:0:1
[02-23 16:51:27]: [INFO] AuthMe 5.6.0-bCUSTOM disabled!
[02-23 16:51:48]: [INFO] SQLite Setup finished
[02-23 16:51:48]: [INFO] No supported permissions system found! Permissions are disabled!
[02-23 16:51:48]: [INFO] Hooked successfully into Essentials
[02-23 16:51:48]: [WARN] WARNING! The protectInventory feature requires ProtocolLib! Disabling it...
[02-23 16:51:48]: [INFO] AuthMe 5.6.0 build n.CUSTOM successfully enabled!
[02-23 16:51:49]: [INFO] Downloading GEO IP database, because the old database is older than 30 days or doesn't exist
[02-23 16:51:49]: [WARN] No MaxMind credentials found in the configuration file! GeoIp protections will be disabled.
[02-23 16:51:49]: [INFO] There is no newer GEO IP database uploaded to MaxMind. Using the old one for now.
[02-23 16:51:49]: [WARN] Could not download GeoLiteAPI database [FileNotFoundException]: plugins/AuthMe/GeoLite2-Country.mmdb (No such file or directory)
[02-23 16:51:49]: java.io.FileNotFoundException: plugins/AuthMe/GeoLite2-Country.mmdb (No such file or directory)
	at java.base/java.io.RandomAccessFile.open0(Native Method)
	at java.base/java.io.RandomAccessFile.open(RandomAccessFile.java:356)
	at java.base/java.io.RandomAccessFile.<init>(RandomAccessFile.java:273)
	at java.base/java.io.RandomAccessFile.<init>(RandomAccessFile.java:223)
	at fr.xephi.authme.libs.com.maxmind.db.BufferHolder.<init>(BufferHolder.java:20)
	at fr.xephi.authme.libs.com.maxmind.db.Reader.<init>(Reader.java:121)
	at fr.xephi.authme.service.GeoIpService.startReading(GeoIpService.java:179)
	at fr.xephi.authme.service.GeoIpService.updateDatabase(GeoIpService.java:150)
	at org.bukkit.craftbukkit.v1_8_R3.scheduler.CraftTask.run(CraftTask.java:59)
	at org.bukkit.craftbukkit.v1_8_R3.scheduler.CraftAsyncTask.run(CraftAsyncTask.java:53)
	at org.github.paperspigot.ServerSchedulerReportingWrapper.run(ServerSchedulerReportingWrapper.java:23)
	at java.base/java.util.concurrent.ThreadPoolExecutor.runWorker(ThreadPoolExecutor.java:1144)
	at java.base/java.util.concurrent.ThreadPoolExecutor$Worker.run(ThreadPoolExecutor.java:642)
	at java.base/java.lang.Thread.run(Thread.java:1583)

[02-23 16:52:32]: [FINE] The user FiredangerFN has 4 accounts:
[02-23 16:52:32]: [FINE] §7firedangerfn_aly, §aFiredangerFN§7, sajndijawasd, sajndijawasdd.
[02-23 16:52:32]: [FINE] FiredangerFN logged in 0:0:0:0:0:0:0:1
[02-23 16:53:54]: [INFO] AuthMe 5.6.0-bCUSTOM disabled!
[02-23 16:54:06]: [INFO] SQLite Setup finished
[02-23 16:54:07]: [INFO] No supported permissions system found! Permissions are disabled!
[02-23 16:54:07]: [INFO] Hooked successfully into Essentials
[02-23 16:54:07]: [WARN] WARNING! The protectInventory feature requires ProtocolLib! Disabling it...
[02-23 16:54:07]: [INFO] AuthMe 5.6.0 build n.CUSTOM successfully enabled!
[02-23 16:54:07]: [INFO] Downloading GEO IP database, because the old database is older than 30 days or doesn't exist
[02-23 16:54:07]: [WARN] No MaxMind credentials found in the configuration file! GeoIp protections will be disabled.
[02-23 16:54:07]: [INFO] There is no newer GEO IP database uploaded to MaxMind. Using the old one for now.
[02-23 16:54:07]: [WARN] Could not download GeoLiteAPI database [FileNotFoundException]: plugins/AuthMe/GeoLite2-Country.mmdb (No such file or directory)
[02-23 16:54:07]: java.io.FileNotFoundException: plugins/AuthMe/GeoLite2-Country.mmdb (No such file or directory)
	at java.base/java.io.RandomAccessFile.open0(Native Method)
	at java.base/java.io.RandomAccessFile.open(RandomAccessFile.java:356)
	at java.base/java.io.RandomAccessFile.<init>(RandomAccessFile.java:273)
	at java.base/java.io.RandomAccessFile.<init>(RandomAccessFile.java:223)
	at fr.xephi.authme.libs.com.maxmind.db.BufferHolder.<init>(BufferHolder.java:20)
	at fr.xephi.authme.libs.com.maxmind.db.Reader.<init>(Reader.java:121)
	at fr.xephi.authme.service.GeoIpService.startReading(GeoIpService.java:179)
	at fr.xephi.authme.service.GeoIpService.updateDatabase(GeoIpService.java:150)
	at org.bukkit.craftbukkit.v1_8_R3.scheduler.CraftTask.run(CraftTask.java:59)
	at org.bukkit.craftbukkit.v1_8_R3.scheduler.CraftAsyncTask.run(CraftAsyncTask.java:53)
	at org.github.paperspigot.ServerSchedulerReportingWrapper.run(ServerSchedulerReportingWrapper.java:23)
	at java.base/java.util.concurrent.ThreadPoolExecutor.runWorker(ThreadPoolExecutor.java:1144)
	at java.base/java.util.concurrent.ThreadPoolExecutor$Worker.run(ThreadPoolExecutor.java:642)
	at java.base/java.lang.Thread.run(Thread.java:1583)

[02-23 16:54:23]: [FINE] The user FiredangerFN has 4 accounts:
[02-23 16:54:23]: [FINE] §7firedangerfn_aly, §aFiredangerFN§7, sajndijawasd, sajndijawasdd.
[02-23 16:54:23]: [FINE] FiredangerFN logged in 0:0:0:0:0:0:0:1
[02-23 16:58:24]: [FINE] Firesadjnsad registered 0:0:0:0:0:0:0:1
[02-23 16:58:24]: [FINE] The user Firesadjnsad has 5 accounts:
[02-23 16:58:24]: [FINE] §7firedangerfn_aly, firedangerfn, sajndijawasd, sajndijawasdd, §aFiresadjnsad§7.
[02-23 16:58:24]: [FINE] Firesadjnsad logged in 0:0:0:0:0:0:0:1
[02-23 17:00:31]: [FINE] Firesadjnsad used the wrong password
[02-23 17:01:04]: [FINE] The user Firesadjnsad has 5 accounts:
[02-23 17:01:04]: [FINE] §7firedangerfn_aly, firedangerfn, sajndijawasd, sajndijawasdd, §aFiresadjnsad§7.
[02-23 17:01:04]: [FINE] Firesadjnsad logged in 0:0:0:0:0:0:0:1
[02-23 17:01:33]: [FINE] The user FiredangerFN has 5 accounts:
[02-23 17:01:33]: [FINE] §7firedangerfn_aly, §aFiredangerFN§7, sajndijawasd, sajndijawasdd, firesadjnsad.
[02-23 17:01:33]: [FINE] FiredangerFN logged in 0:0:0:0:0:0:0:1
[02-23 17:02:43]: [INFO] AuthMe 5.6.0-bCUSTOM disabled!
[02-23 17:02:57]: [INFO] SQLite Setup finished
[02-23 17:02:57]: [INFO] No supported permissions system found! Permissions are disabled!
[02-23 17:02:57]: [INFO] Hooked successfully into Essentials
[02-23 17:02:57]: [WARN] WARNING! The protectInventory feature requires ProtocolLib! Disabling it...
[02-23 17:02:57]: [INFO] AuthMe 5.6.0 build n.CUSTOM successfully enabled!
[02-23 17:02:57]: [INFO] Downloading GEO IP database, because the old database is older than 30 days or doesn't exist
[02-23 17:02:57]: [WARN] No MaxMind credentials found in the configuration file! GeoIp protections will be disabled.
[02-23 17:02:57]: [INFO] There is no newer GEO IP database uploaded to MaxMind. Using the old one for now.
[02-23 17:02:57]: [WARN] Could not download GeoLiteAPI database [FileNotFoundException]: plugins/AuthMe/GeoLite2-Country.mmdb (No such file or directory)
[02-23 17:02:57]: java.io.FileNotFoundException: plugins/AuthMe/GeoLite2-Country.mmdb (No such file or directory)
	at java.base/java.io.RandomAccessFile.open0(Native Method)
	at java.base/java.io.RandomAccessFile.open(RandomAccessFile.java:356)
	at java.base/java.io.RandomAccessFile.<init>(RandomAccessFile.java:273)
	at java.base/java.io.RandomAccessFile.<init>(RandomAccessFile.java:223)
	at fr.xephi.authme.libs.com.maxmind.db.BufferHolder.<init>(BufferHolder.java:20)
	at fr.xephi.authme.libs.com.maxmind.db.Reader.<init>(Reader.java:121)
	at fr.xephi.authme.service.GeoIpService.startReading(GeoIpService.java:179)
	at fr.xephi.authme.service.GeoIpService.updateDatabase(GeoIpService.java:150)
	at org.bukkit.craftbukkit.v1_8_R3.scheduler.CraftTask.run(CraftTask.java:59)
	at org.bukkit.craftbukkit.v1_8_R3.scheduler.CraftAsyncTask.run(CraftAsyncTask.java:53)
	at org.github.paperspigot.ServerSchedulerReportingWrapper.run(ServerSchedulerReportingWrapper.java:23)
	at java.base/java.util.concurrent.ThreadPoolExecutor.runWorker(ThreadPoolExecutor.java:1144)
	at java.base/java.util.concurrent.ThreadPoolExecutor$Worker.run(ThreadPoolExecutor.java:642)
	at java.base/java.lang.Thread.run(Thread.java:1583)

[02-23 17:04:33]: [FINE] The user FiredangerFN has 5 accounts:
[02-23 17:04:33]: [FINE] §7firedangerfn_aly, §aFiredangerFN§7, sajndijawasd, sajndijawasdd, firesadjnsad.
[02-23 17:04:33]: [FINE] FiredangerFN logged in 0:0:0:0:0:0:0:1
[02-23 17:05:09]: [INFO] AuthMe 5.6.0-bCUSTOM disabled!
[02-23 17:05:20]: [INFO] SQLite Setup finished
[02-23 17:05:20]: [INFO] No supported permissions system found! Permissions are disabled!
[02-23 17:05:21]: [INFO] Hooked successfully into Essentials
[02-23 17:05:21]: [WARN] WARNING! The protectInventory feature requires ProtocolLib! Disabling it...
[02-23 17:05:21]: [INFO] AuthMe 5.6.0 build n.CUSTOM successfully enabled!
[02-23 17:05:21]: [INFO] Downloading GEO IP database, because the old database is older than 30 days or doesn't exist
[02-23 17:05:21]: [WARN] No MaxMind credentials found in the configuration file! GeoIp protections will be disabled.
[02-23 17:05:21]: [INFO] There is no newer GEO IP database uploaded to MaxMind. Using the old one for now.
[02-23 17:05:21]: [WARN] Could not download GeoLiteAPI database [FileNotFoundException]: plugins/AuthMe/GeoLite2-Country.mmdb (No such file or directory)
[02-23 17:05:21]: java.io.FileNotFoundException: plugins/AuthMe/GeoLite2-Country.mmdb (No such file or directory)
	at java.base/java.io.RandomAccessFile.open0(Native Method)
	at java.base/java.io.RandomAccessFile.open(RandomAccessFile.java:356)
	at java.base/java.io.RandomAccessFile.<init>(RandomAccessFile.java:273)
	at java.base/java.io.RandomAccessFile.<init>(RandomAccessFile.java:223)
	at fr.xephi.authme.libs.com.maxmind.db.BufferHolder.<init>(BufferHolder.java:20)
	at fr.xephi.authme.libs.com.maxmind.db.Reader.<init>(Reader.java:121)
	at fr.xephi.authme.service.GeoIpService.startReading(GeoIpService.java:179)
	at fr.xephi.authme.service.GeoIpService.updateDatabase(GeoIpService.java:150)
	at org.bukkit.craftbukkit.v1_8_R3.scheduler.CraftTask.run(CraftTask.java:59)
	at org.bukkit.craftbukkit.v1_8_R3.scheduler.CraftAsyncTask.run(CraftAsyncTask.java:53)
	at org.github.paperspigot.ServerSchedulerReportingWrapper.run(ServerSchedulerReportingWrapper.java:23)
	at java.base/java.util.concurrent.ThreadPoolExecutor.runWorker(ThreadPoolExecutor.java:1144)
	at java.base/java.util.concurrent.ThreadPoolExecutor$Worker.run(ThreadPoolExecutor.java:642)
	at java.base/java.lang.Thread.run(Thread.java:1583)

[02-23 17:05:47]: [INFO] AuthMe 5.6.0-bCUSTOM disabled!
[02-23 17:06:02]: [INFO] SQLite Setup finished
[02-23 17:06:02]: [INFO] No supported permissions system found! Permissions are disabled!
[02-23 17:06:02]: [INFO] Hooked successfully into Essentials
[02-23 17:06:02]: [WARN] WARNING! The protectInventory feature requires ProtocolLib! Disabling it...
[02-23 17:06:03]: [INFO] AuthMe 5.6.0 build n.CUSTOM successfully enabled!
[02-23 17:06:03]: [INFO] Downloading GEO IP database, because the old database is older than 30 days or doesn't exist
[02-23 17:06:03]: [WARN] No MaxMind credentials found in the configuration file! GeoIp protections will be disabled.
[02-23 17:06:03]: [INFO] There is no newer GEO IP database uploaded to MaxMind. Using the old one for now.
[02-23 17:06:03]: [WARN] Could not download GeoLiteAPI database [FileNotFoundException]: plugins/AuthMe/GeoLite2-Country.mmdb (No such file or directory)
[02-23 17:06:03]: java.io.FileNotFoundException: plugins/AuthMe/GeoLite2-Country.mmdb (No such file or directory)
	at java.base/java.io.RandomAccessFile.open0(Native Method)
	at java.base/java.io.RandomAccessFile.open(RandomAccessFile.java:356)
	at java.base/java.io.RandomAccessFile.<init>(RandomAccessFile.java:273)
	at java.base/java.io.RandomAccessFile.<init>(RandomAccessFile.java:223)
	at fr.xephi.authme.libs.com.maxmind.db.BufferHolder.<init>(BufferHolder.java:20)
	at fr.xephi.authme.libs.com.maxmind.db.Reader.<init>(Reader.java:121)
	at fr.xephi.authme.service.GeoIpService.startReading(GeoIpService.java:179)
	at fr.xephi.authme.service.GeoIpService.updateDatabase(GeoIpService.java:150)
	at org.bukkit.craftbukkit.v1_8_R3.scheduler.CraftTask.run(CraftTask.java:59)
	at org.bukkit.craftbukkit.v1_8_R3.scheduler.CraftAsyncTask.run(CraftAsyncTask.java:53)
	at org.github.paperspigot.ServerSchedulerReportingWrapper.run(ServerSchedulerReportingWrapper.java:23)
	at java.base/java.util.concurrent.ThreadPoolExecutor.runWorker(ThreadPoolExecutor.java:1144)
	at java.base/java.util.concurrent.ThreadPoolExecutor$Worker.run(ThreadPoolExecutor.java:642)
	at java.base/java.lang.Thread.run(Thread.java:1583)

[02-23 18:07:17]: [INFO] SQLite Setup finished
[02-23 18:07:17]: [INFO] No supported permissions system found! Permissions are disabled!
[02-23 18:07:17]: [INFO] Hooked successfully into Essentials
[02-23 18:07:17]: [WARN] WARNING! The protectInventory feature requires ProtocolLib! Disabling it...
[02-23 18:07:17]: [INFO] AuthMe 5.6.0 build n.CUSTOM successfully enabled!
[02-23 18:07:17]: [INFO] Downloading GEO IP database, because the old database is older than 30 days or doesn't exist
[02-23 18:07:17]: [WARN] No MaxMind credentials found in the configuration file! GeoIp protections will be disabled.
[02-23 18:07:17]: [INFO] There is no newer GEO IP database uploaded to MaxMind. Using the old one for now.
[02-23 18:07:17]: [WARN] Could not download GeoLiteAPI database [FileNotFoundException]: plugins/AuthMe/GeoLite2-Country.mmdb (No such file or directory)
[02-23 18:07:17]: java.io.FileNotFoundException: plugins/AuthMe/GeoLite2-Country.mmdb (No such file or directory)
	at java.base/java.io.RandomAccessFile.open0(Native Method)
	at java.base/java.io.RandomAccessFile.open(RandomAccessFile.java:356)
	at java.base/java.io.RandomAccessFile.<init>(RandomAccessFile.java:273)
	at java.base/java.io.RandomAccessFile.<init>(RandomAccessFile.java:223)
	at fr.xephi.authme.libs.com.maxmind.db.BufferHolder.<init>(BufferHolder.java:20)
	at fr.xephi.authme.libs.com.maxmind.db.Reader.<init>(Reader.java:121)
	at fr.xephi.authme.service.GeoIpService.startReading(GeoIpService.java:179)
	at fr.xephi.authme.service.GeoIpService.updateDatabase(GeoIpService.java:150)
	at org.bukkit.craftbukkit.v1_8_R3.scheduler.CraftTask.run(CraftTask.java:59)
	at org.bukkit.craftbukkit.v1_8_R3.scheduler.CraftAsyncTask.run(CraftAsyncTask.java:53)
	at org.github.paperspigot.ServerSchedulerReportingWrapper.run(ServerSchedulerReportingWrapper.java:23)
	at java.base/java.util.concurrent.ThreadPoolExecutor.runWorker(ThreadPoolExecutor.java:1144)
	at java.base/java.util.concurrent.ThreadPoolExecutor$Worker.run(ThreadPoolExecutor.java:642)
	at java.base/java.lang.Thread.run(Thread.java:1583)

[02-23 18:12:17]: [INFO] AuthMe 5.6.0-bCUSTOM disabled!
[02-23 18:20:20]: [INFO] SQLite Setup finished
[02-23 18:20:20]: [INFO] No supported permissions system found! Permissions are disabled!
[02-23 18:20:20]: [INFO] Hooked successfully into Essentials
[02-23 18:20:20]: [WARN] WARNING! The protectInventory feature requires ProtocolLib! Disabling it...
[02-23 18:20:20]: [INFO] AuthMe 5.6.0 build n.CUSTOM successfully enabled!
[02-23 18:20:20]: [INFO] Downloading GEO IP database, because the old database is older than 30 days or doesn't exist
[02-23 18:20:20]: [WARN] No MaxMind credentials found in the configuration file! GeoIp protections will be disabled.
[02-23 18:20:20]: [INFO] There is no newer GEO IP database uploaded to MaxMind. Using the old one for now.
[02-23 18:20:20]: [WARN] Could not download GeoLiteAPI database [FileNotFoundException]: plugins/AuthMe/GeoLite2-Country.mmdb (No such file or directory)
[02-23 18:20:20]: java.io.FileNotFoundException: plugins/AuthMe/GeoLite2-Country.mmdb (No such file or directory)
	at java.base/java.io.RandomAccessFile.open0(Native Method)
	at java.base/java.io.RandomAccessFile.open(RandomAccessFile.java:356)
	at java.base/java.io.RandomAccessFile.<init>(RandomAccessFile.java:273)
	at java.base/java.io.RandomAccessFile.<init>(RandomAccessFile.java:223)
	at fr.xephi.authme.libs.com.maxmind.db.BufferHolder.<init>(BufferHolder.java:20)
	at fr.xephi.authme.libs.com.maxmind.db.Reader.<init>(Reader.java:121)
	at fr.xephi.authme.service.GeoIpService.startReading(GeoIpService.java:179)
	at fr.xephi.authme.service.GeoIpService.updateDatabase(GeoIpService.java:150)
	at org.bukkit.craftbukkit.v1_8_R3.scheduler.CraftTask.run(CraftTask.java:59)
	at org.bukkit.craftbukkit.v1_8_R3.scheduler.CraftAsyncTask.run(CraftAsyncTask.java:53)
	at org.github.paperspigot.ServerSchedulerReportingWrapper.run(ServerSchedulerReportingWrapper.java:23)
	at java.base/java.util.concurrent.ThreadPoolExecutor.runWorker(ThreadPoolExecutor.java:1144)
	at java.base/java.util.concurrent.ThreadPoolExecutor$Worker.run(ThreadPoolExecutor.java:642)
	at java.base/java.lang.Thread.run(Thread.java:1583)

[02-23 18:22:14]: [FINE] The user FiredangerFN has 5 accounts:
[02-23 18:22:14]: [FINE] §7firedangerfn_aly, §aFiredangerFN§7, sajndijawasd, sajndijawasdd, firesadjnsad.
[02-23 18:22:14]: [FINE] FiredangerFN logged in 0:0:0:0:0:0:0:1
[02-23 18:52:25]: [INFO] SQLite Setup finished
[02-23 18:52:25]: [INFO] No supported permissions system found! Permissions are disabled!
[02-23 18:52:25]: [INFO] Hooked successfully into Essentials
[02-23 18:52:25]: [WARN] WARNING! The protectInventory feature requires ProtocolLib! Disabling it...
[02-23 18:52:25]: [INFO] AuthMe 5.6.0 build n.CUSTOM successfully enabled!
[02-23 18:52:25]: [INFO] Downloading GEO IP database, because the old database is older than 30 days or doesn't exist
[02-23 18:52:25]: [WARN] No MaxMind credentials found in the configuration file! GeoIp protections will be disabled.
[02-23 18:52:25]: [INFO] There is no newer GEO IP database uploaded to MaxMind. Using the old one for now.
[02-23 18:52:25]: [WARN] Could not download GeoLiteAPI database [FileNotFoundException]: plugins/AuthMe/GeoLite2-Country.mmdb (No such file or directory)
[02-23 18:52:25]: java.io.FileNotFoundException: plugins/AuthMe/GeoLite2-Country.mmdb (No such file or directory)
	at java.base/java.io.RandomAccessFile.open0(Native Method)
	at java.base/java.io.RandomAccessFile.open(RandomAccessFile.java:356)
	at java.base/java.io.RandomAccessFile.<init>(RandomAccessFile.java:273)
	at java.base/java.io.RandomAccessFile.<init>(RandomAccessFile.java:223)
	at fr.xephi.authme.libs.com.maxmind.db.BufferHolder.<init>(BufferHolder.java:20)
	at fr.xephi.authme.libs.com.maxmind.db.Reader.<init>(Reader.java:121)
	at fr.xephi.authme.service.GeoIpService.startReading(GeoIpService.java:179)
	at fr.xephi.authme.service.GeoIpService.updateDatabase(GeoIpService.java:150)
	at org.bukkit.craftbukkit.v1_8_R3.scheduler.CraftTask.run(CraftTask.java:59)
	at org.bukkit.craftbukkit.v1_8_R3.scheduler.CraftAsyncTask.run(CraftAsyncTask.java:53)
	at org.github.paperspigot.ServerSchedulerReportingWrapper.run(ServerSchedulerReportingWrapper.java:23)
	at java.base/java.util.concurrent.ThreadPoolExecutor.runWorker(ThreadPoolExecutor.java:1144)
	at java.base/java.util.concurrent.ThreadPoolExecutor$Worker.run(ThreadPoolExecutor.java:642)
	at java.base/java.lang.Thread.run(Thread.java:1583)

[02-23 18:53:17]: [FINE] The user FiredangerFN has 5 accounts:
[02-23 18:53:17]: [FINE] §7firedangerfn_aly, §aFiredangerFN§7, sajndijawasd, sajndijawasdd, firesadjnsad.
[02-23 18:53:17]: [FINE] FiredangerFN logged in 0:0:0:0:0:0:0:1
[02-23 18:56:59]: [FINE] Firedangsajdiwas registered 0:0:0:0:0:0:0:1
[02-23 18:56:59]: [FINE] The user Firedangsajdiwas has 6 accounts:
[02-23 18:56:59]: [FINE] §7firedangerfn_aly, firedangerfn, sajndijawasd, sajndijawasdd, firesadjnsad, §aFiredangsajdiwas§7.
[02-23 18:56:59]: [FINE] Firedangsajdiwas logged in 0:0:0:0:0:0:0:1
[02-23 19:00:13]: [INFO] AuthMe 5.6.0-bCUSTOM disabled!
[02-23 19:00:27]: [INFO] SQLite Setup finished
[02-23 19:00:27]: [INFO] No supported permissions system found! Permissions are disabled!
[02-23 19:00:28]: [INFO] Hooked successfully into Essentials
[02-23 19:00:28]: [WARN] WARNING! The protectInventory feature requires ProtocolLib! Disabling it...
[02-23 19:00:28]: [INFO] AuthMe 5.6.0 build n.CUSTOM successfully enabled!
[02-23 19:00:28]: [INFO] Downloading GEO IP database, because the old database is older than 30 days or doesn't exist
[02-23 19:00:28]: [WARN] No MaxMind credentials found in the configuration file! GeoIp protections will be disabled.
[02-23 19:00:28]: [INFO] There is no newer GEO IP database uploaded to MaxMind. Using the old one for now.
[02-23 19:00:28]: [WARN] Could not download GeoLiteAPI database [FileNotFoundException]: plugins/AuthMe/GeoLite2-Country.mmdb (No such file or directory)
[02-23 19:00:28]: java.io.FileNotFoundException: plugins/AuthMe/GeoLite2-Country.mmdb (No such file or directory)
	at java.base/java.io.RandomAccessFile.open0(Native Method)
	at java.base/java.io.RandomAccessFile.open(RandomAccessFile.java:356)
	at java.base/java.io.RandomAccessFile.<init>(RandomAccessFile.java:273)
	at java.base/java.io.RandomAccessFile.<init>(RandomAccessFile.java:223)
	at fr.xephi.authme.libs.com.maxmind.db.BufferHolder.<init>(BufferHolder.java:20)
	at fr.xephi.authme.libs.com.maxmind.db.Reader.<init>(Reader.java:121)
	at fr.xephi.authme.service.GeoIpService.startReading(GeoIpService.java:179)
	at fr.xephi.authme.service.GeoIpService.updateDatabase(GeoIpService.java:150)
	at org.bukkit.craftbukkit.v1_8_R3.scheduler.CraftTask.run(CraftTask.java:59)
	at org.bukkit.craftbukkit.v1_8_R3.scheduler.CraftAsyncTask.run(CraftAsyncTask.java:53)
	at org.github.paperspigot.ServerSchedulerReportingWrapper.run(ServerSchedulerReportingWrapper.java:23)
	at java.base/java.util.concurrent.ThreadPoolExecutor.runWorker(ThreadPoolExecutor.java:1144)
	at java.base/java.util.concurrent.ThreadPoolExecutor$Worker.run(ThreadPoolExecutor.java:642)
	at java.base/java.lang.Thread.run(Thread.java:1583)

[02-23 19:00:44]: [FINE] Firedangsajdiwas used the wrong password
[02-23 19:01:02]: [FINE] The user FiredangerFN has 6 accounts:
[02-23 19:01:02]: [FINE] §7firedangerfn_aly, §aFiredangerFN§7, sajndijawasd, sajndijawasdd, firesadjnsad, firedangsajdiwas.
[02-23 19:01:02]: [FINE] FiredangerFN logged in 0:0:0:0:0:0:0:1
[02-23 19:04:41]: [FINE] The user FiredangerFN has 6 accounts:
[02-23 19:04:41]: [FINE] §7firedangerfn_aly, §aFiredangerFN§7, sajndijawasd, sajndijawasdd, firesadjnsad, firedangsajdiwas.
[02-23 19:04:41]: [FINE] FiredangerFN logged in 0:0:0:0:0:0:0:1
[02-23 19:12:19]: [INFO] AuthMe 5.6.0-bCUSTOM disabled!
[02-23 19:12:35]: [INFO] SQLite Setup finished
[02-23 19:12:35]: [INFO] No supported permissions system found! Permissions are disabled!
[02-23 19:12:35]: [INFO] Hooked successfully into Essentials
[02-23 19:12:35]: [WARN] WARNING! The protectInventory feature requires ProtocolLib! Disabling it...
[02-23 19:12:35]: [INFO] AuthMe 5.6.0 build n.CUSTOM successfully enabled!
[02-23 19:12:36]: [INFO] Downloading GEO IP database, because the old database is older than 30 days or doesn't exist
[02-23 19:12:36]: [WARN] No MaxMind credentials found in the configuration file! GeoIp protections will be disabled.
[02-23 19:12:36]: [INFO] There is no newer GEO IP database uploaded to MaxMind. Using the old one for now.
[02-23 19:12:36]: [WARN] Could not download GeoLiteAPI database [FileNotFoundException]: plugins/AuthMe/GeoLite2-Country.mmdb (No such file or directory)
[02-23 19:12:36]: java.io.FileNotFoundException: plugins/AuthMe/GeoLite2-Country.mmdb (No such file or directory)
	at java.base/java.io.RandomAccessFile.open0(Native Method)
	at java.base/java.io.RandomAccessFile.open(RandomAccessFile.java:356)
	at java.base/java.io.RandomAccessFile.<init>(RandomAccessFile.java:273)
	at java.base/java.io.RandomAccessFile.<init>(RandomAccessFile.java:223)
	at fr.xephi.authme.libs.com.maxmind.db.BufferHolder.<init>(BufferHolder.java:20)
	at fr.xephi.authme.libs.com.maxmind.db.Reader.<init>(Reader.java:121)
	at fr.xephi.authme.service.GeoIpService.startReading(GeoIpService.java:179)
	at fr.xephi.authme.service.GeoIpService.updateDatabase(GeoIpService.java:150)
	at org.bukkit.craftbukkit.v1_8_R3.scheduler.CraftTask.run(CraftTask.java:59)
	at org.bukkit.craftbukkit.v1_8_R3.scheduler.CraftAsyncTask.run(CraftAsyncTask.java:53)
	at org.github.paperspigot.ServerSchedulerReportingWrapper.run(ServerSchedulerReportingWrapper.java:23)
	at java.base/java.util.concurrent.ThreadPoolExecutor.runWorker(ThreadPoolExecutor.java:1144)
	at java.base/java.util.concurrent.ThreadPoolExecutor$Worker.run(ThreadPoolExecutor.java:642)
	at java.base/java.lang.Thread.run(Thread.java:1583)

[02-23 19:12:50]: [FINE] The user FiredangerFN has 6 accounts:
[02-23 19:12:50]: [FINE] §7firedangerfn_aly, §aFiredangerFN§7, sajndijawasd, sajndijawasdd, firesadjnsad, firedangsajdiwas.
[02-23 19:12:50]: [FINE] FiredangerFN logged in 0:0:0:0:0:0:0:1
[02-23 19:14:38]: [INFO] AuthMe 5.6.0-bCUSTOM disabled!
[02-23 19:14:51]: [INFO] SQLite Setup finished
[02-23 19:14:51]: [INFO] No supported permissions system found! Permissions are disabled!
[02-23 19:14:51]: [INFO] Hooked successfully into Essentials
[02-23 19:14:51]: [WARN] WARNING! The protectInventory feature requires ProtocolLib! Disabling it...
[02-23 19:14:51]: [INFO] AuthMe 5.6.0 build n.CUSTOM successfully enabled!
[02-23 19:14:51]: [INFO] Downloading GEO IP database, because the old database is older than 30 days or doesn't exist
[02-23 19:14:51]: [WARN] No MaxMind credentials found in the configuration file! GeoIp protections will be disabled.
[02-23 19:14:51]: [INFO] There is no newer GEO IP database uploaded to MaxMind. Using the old one for now.
[02-23 19:14:51]: [WARN] Could not download GeoLiteAPI database [FileNotFoundException]: plugins/AuthMe/GeoLite2-Country.mmdb (No such file or directory)
[02-23 19:14:51]: java.io.FileNotFoundException: plugins/AuthMe/GeoLite2-Country.mmdb (No such file or directory)
	at java.base/java.io.RandomAccessFile.open0(Native Method)
	at java.base/java.io.RandomAccessFile.open(RandomAccessFile.java:356)
	at java.base/java.io.RandomAccessFile.<init>(RandomAccessFile.java:273)
	at java.base/java.io.RandomAccessFile.<init>(RandomAccessFile.java:223)
	at fr.xephi.authme.libs.com.maxmind.db.BufferHolder.<init>(BufferHolder.java:20)
	at fr.xephi.authme.libs.com.maxmind.db.Reader.<init>(Reader.java:121)
	at fr.xephi.authme.service.GeoIpService.startReading(GeoIpService.java:179)
	at fr.xephi.authme.service.GeoIpService.updateDatabase(GeoIpService.java:150)
	at org.bukkit.craftbukkit.v1_8_R3.scheduler.CraftTask.run(CraftTask.java:59)
	at org.bukkit.craftbukkit.v1_8_R3.scheduler.CraftAsyncTask.run(CraftAsyncTask.java:53)
	at org.github.paperspigot.ServerSchedulerReportingWrapper.run(ServerSchedulerReportingWrapper.java:23)
	at java.base/java.util.concurrent.ThreadPoolExecutor.runWorker(ThreadPoolExecutor.java:1144)
	at java.base/java.util.concurrent.ThreadPoolExecutor$Worker.run(ThreadPoolExecutor.java:642)
	at java.base/java.lang.Thread.run(Thread.java:1583)

[02-23 19:14:56]: [FINE] FiredangerFN used the wrong password
[02-23 19:15:16]: [FINE] The user FiredangerFN has 6 accounts:
[02-23 19:15:16]: [FINE] §7firedangerfn_aly, §aFiredangerFN§7, sajndijawasd, sajndijawasdd, firesadjnsad, firedangsajdiwas.
[02-23 19:15:16]: [FINE] FiredangerFN logged in 0:0:0:0:0:0:0:1
[02-23 19:16:08]: [FINE] The user FiredangerFN has 6 accounts:
[02-23 19:16:08]: [FINE] §7firedangerfn_aly, §aFiredangerFN§7, sajndijawasd, sajndijawasdd, firesadjnsad, firedangsajdiwas.
[02-23 19:16:08]: [FINE] FiredangerFN logged in 0:0:0:0:0:0:0:1
[02-23 19:19:59]: [FINE] The user FiredangerFN has 6 accounts:
[02-23 19:19:59]: [FINE] §7firedangerfn_aly, §aFiredangerFN§7, sajndijawasd, sajndijawasdd, firesadjnsad, firedangsajdiwas.
[02-23 19:19:59]: [FINE] FiredangerFN logged in 0:0:0:0:0:0:0:1
[02-23 19:22:29]: [FINE] The user FiredangerFN has 6 accounts:
[02-23 19:22:29]: [FINE] §7firedangerfn_aly, §aFiredangerFN§7, sajndijawasd, sajndijawasdd, firesadjnsad, firedangsajdiwas.
[02-23 19:22:29]: [FINE] FiredangerFN logged in 0:0:0:0:0:0:0:1
[02-23 19:27:08]: [FINE] The user FiredangerFN has 6 accounts:
[02-23 19:27:08]: [FINE] §7firedangerfn_aly, §aFiredangerFN§7, sajndijawasd, sajndijawasdd, firesadjnsad, firedangsajdiwas.
[02-23 19:27:08]: [FINE] FiredangerFN logged in 0:0:0:0:0:0:0:1
[02-23 19:27:37]: [FINE] The user FiredangerFN has 6 accounts:
[02-23 19:27:37]: [FINE] §7firedangerfn_aly, §aFiredangerFN§7, sajndijawasd, sajndijawasdd, firesadjnsad, firedangsajdiwas.
[02-23 19:27:37]: [FINE] FiredangerFN logged in 0:0:0:0:0:0:0:1
[02-23 19:29:59]: [FINE] The user FiredangerFN has 6 accounts:
[02-23 19:29:59]: [FINE] §7firedangerfn_aly, §aFiredangerFN§7, sajndijawasd, sajndijawasdd, firesadjnsad, firedangsajdiwas.
[02-23 19:29:59]: [FINE] FiredangerFN logged in 0:0:0:0:0:0:0:1
[02-23 19:31:49]: [FINE] Fdasdadad registered 0:0:0:0:0:0:0:1
[02-23 19:31:49]: [FINE] The user Fdasdadad has 7 accounts:
[02-23 19:31:49]: [FINE] §7firedangerfn_aly, firedangerfn, sajndijawasd, sajndijawasdd, firesadjnsad, firedangsajdiwas, §aFdasdadad§7.
[02-23 19:31:49]: [FINE] Fdasdadad logged in 0:0:0:0:0:0:0:1
[02-23 19:32:55]: [FINE] The user Fdasdadad has 7 accounts:
[02-23 19:32:55]: [FINE] §7firedangerfn_aly, firedangerfn, sajndijawasd, sajndijawasdd, firesadjnsad, firedangsajdiwas, §aFdasdadad§7.
[02-23 19:32:55]: [FINE] Fdasdadad logged in 0:0:0:0:0:0:0:1
[02-23 19:33:28]: [FINE] Fdasdadad used the wrong password
[02-23 19:33:37]: [FINE] The user Fdasdadad has 7 accounts:
[02-23 19:33:37]: [FINE] §7firedangerfn_aly, firedangerfn, sajndijawasd, sajndijawasdd, firesadjnsad, firedangsajdiwas, §aFdasdadad§7.
[02-23 19:33:37]: [FINE] Fdasdadad logged in 0:0:0:0:0:0:0:1
[02-23 19:33:50]: [FINE] The user Fdasdadad has 7 accounts:
[02-23 19:33:50]: [FINE] §7firedangerfn_aly, firedangerfn, sajndijawasd, sajndijawasdd, firesadjnsad, firedangsajdiwas, §aFdasdadad§7.
[02-23 19:33:50]: [FINE] Fdasdadad logged in 0:0:0:0:0:0:0:1
[02-23 20:02:16]: [FINE] Fdasdadad used the wrong password
[02-23 20:02:57]: [FINE] Fdasdadad used the wrong password
[02-23 20:03:06]: [FINE] The user Fdasdadad has 7 accounts:
[02-23 20:03:06]: [FINE] §7firedangerfn_aly, firedangerfn, sajndijawasd, sajndijawasdd, firesadjnsad, firedangsajdiwas, §aFdasdadad§7.
[02-23 20:03:06]: [FINE] Fdasdadad logged in 0:0:0:0:0:0:0:1
[02-23 20:04:46]: [FINE] The user Fdasdadad has 7 accounts:
[02-23 20:04:46]: [FINE] §7firedangerfn_aly, firedangerfn, sajndijawasd, sajndijawasdd, firesadjnsad, firedangsajdiwas, §aFdasdadad§7.
[02-23 20:04:46]: [FINE] Fdasdadad logged in 0:0:0:0:0:0:0:1
[02-23 20:07:38]: [FINE] The user Fdasdadad has 7 accounts:
[02-23 20:07:38]: [FINE] §7firedangerfn_aly, firedangerfn, sajndijawasd, sajndijawasdd, firesadjnsad, firedangsajdiwas, §aFdasdadad§7.
[02-23 20:07:38]: [FINE] Fdasdadad logged in 0:0:0:0:0:0:0:1
[02-23 20:12:24]: [FINE] The user FiredangerFN has 7 accounts:
[02-23 20:12:24]: [FINE] §7firedangerfn_aly, §aFiredangerFN§7, sajndijawasd, sajndijawasdd, firesadjnsad, firedangsajdiwas, fdasdadad.
[02-23 20:12:24]: [FINE] FiredangerFN logged in 0:0:0:0:0:0:0:1
[02-23 20:17:11]: [FINE] The user FiredangerFN has 7 accounts:
[02-23 20:17:11]: [FINE] §7firedangerfn_aly, §aFiredangerFN§7, sajndijawasd, sajndijawasdd, firesadjnsad, firedangsajdiwas, fdasdadad.
[02-23 20:17:11]: [FINE] FiredangerFN logged in 0:0:0:0:0:0:0:1
[02-23 20:19:39]: [FINE] The user FiredangerFN has 7 accounts:
[02-23 20:19:39]: [FINE] §7firedangerfn_aly, §aFiredangerFN§7, sajndijawasd, sajndijawasdd, firesadjnsad, firedangsajdiwas, fdasdadad.
[02-23 20:19:39]: [FINE] FiredangerFN logged in 0:0:0:0:0:0:0:1
[02-23 20:20:08]: [FINE] FiredangerFNsad registered 0:0:0:0:0:0:0:1
[02-23 20:20:08]: [FINE] The user FiredangerFNsad has 8 accounts:
[02-23 20:20:08]: [FINE] §7firedangerfn_aly, firedangerfn, sajndijawasd, sajndijawasdd, firesadjnsad, firedangsajdiwas, fdasdadad, §aFiredangerFNsad§7.
[02-23 20:20:08]: [FINE] FiredangerFNsad logged in 0:0:0:0:0:0:0:1
[02-23 20:21:50]: [FINE] FiredangerFNsas registered 0:0:0:0:0:0:0:1
[02-23 20:21:50]: [FINE] The user FiredangerFNsas has 9 accounts:
[02-23 20:21:50]: [FINE] §7firedangerfn_aly, firedangerfn, sajndijawasd, sajndijawasdd, firesadjnsad, firedangsajdiwas, fdasdadad, firedangerfnsad, §aFiredangerFNsas§7.
[02-23 20:21:50]: [FINE] FiredangerFNsas logged in 0:0:0:0:0:0:0:1
[02-23 20:24:49]: [FINE] FiredangerFNsas used the wrong password
[02-23 20:25:05]: [FINE] The user FiredangerFN has 9 accounts:
[02-23 20:25:05]: [FINE] §7firedangerfn_aly, §aFiredangerFN§7, sajndijawasd, sajndijawasdd, firesadjnsad, firedangsajdiwas, fdasdadad, firedangerfnsad, firedangerfnsas.
[02-23 20:25:05]: [FINE] FiredangerFN logged in 0:0:0:0:0:0:0:1
[02-23 20:37:01]: [FINE] The user FiredangerFN has 9 accounts:
[02-23 20:37:01]: [FINE] §7firedangerfn_aly, §aFiredangerFN§7, sajndijawasd, sajndijawasdd, firesadjnsad, firedangsajdiwas, fdasdadad, firedangerfnsad, firedangerfnsas.
[02-23 20:37:01]: [FINE] FiredangerFN logged in 0:0:0:0:0:0:0:1
[02-23 20:43:34]: [FINE] The user FiredangerFN has 9 accounts:
[02-23 20:43:34]: [FINE] §7firedangerfn_aly, §aFiredangerFN§7, sajndijawasd, sajndijawasdd, firesadjnsad, firedangsajdiwas, fdasdadad, firedangerfnsad, firedangerfnsas.
[02-23 20:43:34]: [FINE] FiredangerFN logged in 0:0:0:0:0:0:0:1
[02-23 20:53:47]: [FINE] The user FiredangerFN has 9 accounts:
[02-23 20:53:47]: [FINE] §7firedangerfn_aly, §aFiredangerFN§7, sajndijawasd, sajndijawasdd, firesadjnsad, firedangsajdiwas, fdasdadad, firedangerfnsad, firedangerfnsas.
[02-23 20:53:47]: [FINE] FiredangerFN logged in 0:0:0:0:0:0:0:1
[02-23 20:58:10]: [FINE] The user FiredangerFN has 9 accounts:
[02-23 20:58:10]: [FINE] §7firedangerfn_aly, §aFiredangerFN§7, sajndijawasd, sajndijawasdd, firesadjnsad, firedangsajdiwas, fdasdadad, firedangerfnsad, firedangerfnsas.
[02-23 20:58:10]: [FINE] FiredangerFN logged in 0:0:0:0:0:0:0:1
[02-23 20:58:52]: [FINE] The user FiredangerFN has 9 accounts:
[02-23 20:58:52]: [FINE] §7firedangerfn_aly, §aFiredangerFN§7, sajndijawasd, sajndijawasdd, firesadjnsad, firedangsajdiwas, fdasdadad, firedangerfnsad, firedangerfnsas.
[02-23 20:58:52]: [FINE] FiredangerFN logged in 0:0:0:0:0:0:0:1
[02-23 21:03:14]: [FINE] The user FiredangerFN has 9 accounts:
[02-23 21:03:14]: [FINE] §7firedangerfn_aly, §aFiredangerFN§7, sajndijawasd, sajndijawasdd, firesadjnsad, firedangsajdiwas, fdasdadad, firedangerfnsad, firedangerfnsas.
[02-23 21:03:14]: [FINE] FiredangerFN logged in 0:0:0:0:0:0:0:1
[02-23 21:03:58]: [FINE] The user FiredangerFN has 9 accounts:
[02-23 21:03:58]: [FINE] §7firedangerfn_aly, §aFiredangerFN§7, sajndijawasd, sajndijawasdd, firesadjnsad, firedangsajdiwas, fdasdadad, firedangerfnsad, firedangerfnsas.
[02-23 21:03:58]: [FINE] FiredangerFN logged in 0:0:0:0:0:0:0:1
[02-23 21:06:21]: [FINE] The user FiredangerFN has 9 accounts:
[02-23 21:06:21]: [FINE] §7firedangerfn_aly, §aFiredangerFN§7, sajndijawasd, sajndijawasdd, firesadjnsad, firedangsajdiwas, fdasdadad, firedangerfnsad, firedangerfnsas.
[02-23 21:06:21]: [FINE] FiredangerFN logged in 0:0:0:0:0:0:0:1
[02-23 21:08:14]: [FINE] The user FiredangerFN has 9 accounts:
[02-23 21:08:14]: [FINE] §7firedangerfn_aly, §aFiredangerFN§7, sajndijawasd, sajndijawasdd, firesadjnsad, firedangsajdiwas, fdasdadad, firedangerfnsad, firedangerfnsas.
[02-23 21:08:14]: [FINE] FiredangerFN logged in 0:0:0:0:0:0:0:1
[02-23 21:16:24]: [FINE] The user FiredangerFN has 9 accounts:
[02-23 21:16:24]: [FINE] §7firedangerfn_aly, §aFiredangerFN§7, sajndijawasd, sajndijawasdd, firesadjnsad, firedangsajdiwas, fdasdadad, firedangerfnsad, firedangerfnsas.
[02-23 21:16:24]: [FINE] FiredangerFN logged in 0:0:0:0:0:0:0:1
[02-23 21:21:23]: [FINE] The user FiredangerFN has 9 accounts:
[02-23 21:21:23]: [FINE] §7firedangerfn_aly, §aFiredangerFN§7, sajndijawasd, sajndijawasdd, firesadjnsad, firedangsajdiwas, fdasdadad, firedangerfnsad, firedangerfnsas.
[02-23 21:21:23]: [FINE] FiredangerFN logged in 0:0:0:0:0:0:0:1
[02-23 21:22:38]: [FINE] The user FiredangerFN has 9 accounts:
[02-23 21:22:38]: [FINE] §7firedangerfn_aly, §aFiredangerFN§7, sajndijawasd, sajndijawasdd, firesadjnsad, firedangsajdiwas, fdasdadad, firedangerfnsad, firedangerfnsas.
[02-23 21:22:38]: [FINE] FiredangerFN logged in 0:0:0:0:0:0:0:1
[02-23 21:24:45]: [FINE] The user FiredangerFN has 9 accounts:
[02-23 21:24:45]: [FINE] §7firedangerfn_aly, §aFiredangerFN§7, sajndijawasd, sajndijawasdd, firesadjnsad, firedangsajdiwas, fdasdadad, firedangerfnsad, firedangerfnsas.
[02-23 21:24:45]: [FINE] FiredangerFN logged in 0:0:0:0:0:0:0:1
[02-23 21:25:38]: [FINE] The user FiredangerFN has 9 accounts:
[02-23 21:25:38]: [FINE] §7firedangerfn_aly, §aFiredangerFN§7, sajndijawasd, sajndijawasdd, firesadjnsad, firedangsajdiwas, fdasdadad, firedangerfnsad, firedangerfnsas.
[02-23 21:25:38]: [FINE] FiredangerFN logged in 0:0:0:0:0:0:0:1
[02-23 21:26:20]: [FINE] The user FiredangerFN has 9 accounts:
[02-23 21:26:20]: [FINE] §7firedangerfn_aly, §aFiredangerFN§7, sajndijawasd, sajndijawasdd, firesadjnsad, firedangsajdiwas, fdasdadad, firedangerfnsad, firedangerfnsas.
[02-23 21:26:20]: [FINE] FiredangerFN logged in 0:0:0:0:0:0:0:1
[02-23 21:26:44]: [FINE] The user FiredangerFN has 9 accounts:
[02-23 21:26:44]: [FINE] §7firedangerfn_aly, §aFiredangerFN§7, sajndijawasd, sajndijawasdd, firesadjnsad, firedangsajdiwas, fdasdadad, firedangerfnsad, firedangerfnsas.
[02-23 21:26:44]: [FINE] FiredangerFN logged in 0:0:0:0:0:0:0:1
[02-23 21:27:19]: [FINE] The user FiredangerFN has 9 accounts:
[02-23 21:27:19]: [FINE] §7firedangerfn_aly, §aFiredangerFN§7, sajndijawasd, sajndijawasdd, firesadjnsad, firedangsajdiwas, fdasdadad, firedangerfnsad, firedangerfnsas.
[02-23 21:27:19]: [FINE] FiredangerFN logged in 0:0:0:0:0:0:0:1
[02-23 21:54:09]: [INFO] SQLite Setup finished
[02-23 21:54:10]: [INFO] No supported permissions system found! Permissions are disabled!
[02-23 21:54:10]: [INFO] Hooked successfully into Essentials
[02-23 21:54:10]: [WARN] WARNING! The protectInventory feature requires ProtocolLib! Disabling it...
[02-23 21:54:10]: [INFO] AuthMe 5.6.0 build n.CUSTOM successfully enabled!
[02-23 21:54:10]: [INFO] Downloading GEO IP database, because the old database is older than 30 days or doesn't exist
[02-23 21:54:10]: [WARN] No MaxMind credentials found in the configuration file! GeoIp protections will be disabled.
[02-23 21:54:10]: [INFO] There is no newer GEO IP database uploaded to MaxMind. Using the old one for now.
[02-23 21:54:10]: [WARN] Could not download GeoLiteAPI database [FileNotFoundException]: plugins/AuthMe/GeoLite2-Country.mmdb (No such file or directory)
[02-23 21:54:10]: java.io.FileNotFoundException: plugins/AuthMe/GeoLite2-Country.mmdb (No such file or directory)
	at java.base/java.io.RandomAccessFile.open0(Native Method)
	at java.base/java.io.RandomAccessFile.open(RandomAccessFile.java:356)
	at java.base/java.io.RandomAccessFile.<init>(RandomAccessFile.java:273)
	at java.base/java.io.RandomAccessFile.<init>(RandomAccessFile.java:223)
	at fr.xephi.authme.libs.com.maxmind.db.BufferHolder.<init>(BufferHolder.java:20)
	at fr.xephi.authme.libs.com.maxmind.db.Reader.<init>(Reader.java:121)
	at fr.xephi.authme.service.GeoIpService.startReading(GeoIpService.java:179)
	at fr.xephi.authme.service.GeoIpService.updateDatabase(GeoIpService.java:150)
	at org.bukkit.craftbukkit.v1_8_R3.scheduler.CraftTask.run(CraftTask.java:59)
	at org.bukkit.craftbukkit.v1_8_R3.scheduler.CraftAsyncTask.run(CraftAsyncTask.java:53)
	at org.github.paperspigot.ServerSchedulerReportingWrapper.run(ServerSchedulerReportingWrapper.java:23)
	at java.base/java.util.concurrent.ThreadPoolExecutor.runWorker(ThreadPoolExecutor.java:1144)
	at java.base/java.util.concurrent.ThreadPoolExecutor$Worker.run(ThreadPoolExecutor.java:642)
	at java.base/java.lang.Thread.run(Thread.java:1583)

[02-23 21:55:45]: [FINE] The user FiredangerFN has 9 accounts:
[02-23 21:55:45]: [FINE] §7firedangerfn_aly, §aFiredangerFN§7, sajndijawasd, sajndijawasdd, firesadjnsad, firedangsajdiwas, fdasdadad, firedangerfnsad, firedangerfnsas.
[02-23 21:55:45]: [FINE] FiredangerFN logged in 0:0:0:0:0:0:0:1
[02-23 21:56:19]: [FINE] The user FiredangerFN has 9 accounts:
[02-23 21:56:19]: [FINE] §7firedangerfn_aly, §aFiredangerFN§7, sajndijawasd, sajndijawasdd, firesadjnsad, firedangsajdiwas, fdasdadad, firedangerfnsad, firedangerfnsas.
[02-23 21:56:19]: [FINE] FiredangerFN logged in 0:0:0:0:0:0:0:1
[02-23 22:00:53]: [INFO] AuthMe 5.6.0-bCUSTOM disabled!
[02-23 22:01:19]: [INFO] SQLite Setup finished
[02-23 22:01:19]: [INFO] No supported permissions system found! Permissions are disabled!
[02-23 22:01:19]: [INFO] Hooked successfully into Essentials
[02-23 22:01:19]: [WARN] WARNING! The protectInventory feature requires ProtocolLib! Disabling it...
[02-23 22:01:19]: [INFO] AuthMe 5.6.0 build n.CUSTOM successfully enabled!
[02-23 22:01:20]: [INFO] Downloading GEO IP database, because the old database is older than 30 days or doesn't exist
[02-23 22:01:20]: [WARN] No MaxMind credentials found in the configuration file! GeoIp protections will be disabled.
[02-23 22:01:20]: [INFO] There is no newer GEO IP database uploaded to MaxMind. Using the old one for now.
[02-23 22:01:20]: [WARN] Could not download GeoLiteAPI database [FileNotFoundException]: plugins/AuthMe/GeoLite2-Country.mmdb (No such file or directory)
[02-23 22:01:20]: java.io.FileNotFoundException: plugins/AuthMe/GeoLite2-Country.mmdb (No such file or directory)
	at java.base/java.io.RandomAccessFile.open0(Native Method)
	at java.base/java.io.RandomAccessFile.open(RandomAccessFile.java:356)
	at java.base/java.io.RandomAccessFile.<init>(RandomAccessFile.java:273)
	at java.base/java.io.RandomAccessFile.<init>(RandomAccessFile.java:223)
	at fr.xephi.authme.libs.com.maxmind.db.BufferHolder.<init>(BufferHolder.java:20)
	at fr.xephi.authme.libs.com.maxmind.db.Reader.<init>(Reader.java:121)
	at fr.xephi.authme.service.GeoIpService.startReading(GeoIpService.java:179)
	at fr.xephi.authme.service.GeoIpService.updateDatabase(GeoIpService.java:150)
	at org.bukkit.craftbukkit.v1_8_R3.scheduler.CraftTask.run(CraftTask.java:59)
	at org.bukkit.craftbukkit.v1_8_R3.scheduler.CraftAsyncTask.run(CraftAsyncTask.java:53)
	at org.github.paperspigot.ServerSchedulerReportingWrapper.run(ServerSchedulerReportingWrapper.java:23)
	at java.base/java.util.concurrent.ThreadPoolExecutor.runWorker(ThreadPoolExecutor.java:1144)
	at java.base/java.util.concurrent.ThreadPoolExecutor$Worker.run(ThreadPoolExecutor.java:642)
	at java.base/java.lang.Thread.run(Thread.java:1583)

[02-24 13:17:59]: [INFO] SQLite Setup finished
[02-24 13:17:59]: [INFO] No supported permissions system found! Permissions are disabled!
[02-24 13:17:59]: [INFO] Hooked successfully into Essentials
[02-24 13:17:59]: [WARN] WARNING! The protectInventory feature requires ProtocolLib! Disabling it...
[02-24 13:17:59]: [INFO] AuthMe 5.6.0 build n.CUSTOM successfully enabled!
[02-24 13:18:00]: [INFO] Downloading GEO IP database, because the old database is older than 30 days or doesn't exist
[02-24 13:18:00]: [WARN] No MaxMind credentials found in the configuration file! GeoIp protections will be disabled.
[02-24 13:18:00]: [INFO] There is no newer GEO IP database uploaded to MaxMind. Using the old one for now.
[02-24 13:18:00]: [WARN] Could not download GeoLiteAPI database [FileNotFoundException]: plugins/AuthMe/GeoLite2-Country.mmdb (No such file or directory)
[02-24 13:18:00]: java.io.FileNotFoundException: plugins/AuthMe/GeoLite2-Country.mmdb (No such file or directory)
	at java.base/java.io.RandomAccessFile.open0(Native Method)
	at java.base/java.io.RandomAccessFile.open(RandomAccessFile.java:356)
	at java.base/java.io.RandomAccessFile.<init>(RandomAccessFile.java:273)
	at java.base/java.io.RandomAccessFile.<init>(RandomAccessFile.java:223)
	at fr.xephi.authme.libs.com.maxmind.db.BufferHolder.<init>(BufferHolder.java:20)
	at fr.xephi.authme.libs.com.maxmind.db.Reader.<init>(Reader.java:121)
	at fr.xephi.authme.service.GeoIpService.startReading(GeoIpService.java:179)
	at fr.xephi.authme.service.GeoIpService.updateDatabase(GeoIpService.java:150)
	at org.bukkit.craftbukkit.v1_8_R3.scheduler.CraftTask.run(CraftTask.java:59)
	at org.bukkit.craftbukkit.v1_8_R3.scheduler.CraftAsyncTask.run(CraftAsyncTask.java:53)
	at org.github.paperspigot.ServerSchedulerReportingWrapper.run(ServerSchedulerReportingWrapper.java:23)
	at java.base/java.util.concurrent.ThreadPoolExecutor.runWorker(ThreadPoolExecutor.java:1144)
	at java.base/java.util.concurrent.ThreadPoolExecutor$Worker.run(ThreadPoolExecutor.java:642)
	at java.base/java.lang.Thread.run(Thread.java:1583)

[02-25 00:47:30]: [INFO] SQLite Setup finished
[02-25 00:47:30]: [INFO] No supported permissions system found! Permissions are disabled!
[02-25 00:47:30]: [INFO] Hooked successfully into Essentials
[02-25 00:47:30]: [WARN] WARNING! The protectInventory feature requires ProtocolLib! Disabling it...
[02-25 00:47:30]: [INFO] AuthMe 5.6.0 build n.CUSTOM successfully enabled!
[02-25 00:47:31]: [INFO] Downloading GEO IP database, because the old database is older than 30 days or doesn't exist
[02-25 00:47:31]: [WARN] No MaxMind credentials found in the configuration file! GeoIp protections will be disabled.
[02-25 00:47:31]: [INFO] There is no newer GEO IP database uploaded to MaxMind. Using the old one for now.
[02-25 00:47:31]: [WARN] Could not download GeoLiteAPI database [FileNotFoundException]: plugins/AuthMe/GeoLite2-Country.mmdb (No such file or directory)
[02-25 00:47:31]: java.io.FileNotFoundException: plugins/AuthMe/GeoLite2-Country.mmdb (No such file or directory)
	at java.base/java.io.RandomAccessFile.open0(Native Method)
	at java.base/java.io.RandomAccessFile.open(RandomAccessFile.java:356)
	at java.base/java.io.RandomAccessFile.<init>(RandomAccessFile.java:273)
	at java.base/java.io.RandomAccessFile.<init>(RandomAccessFile.java:223)
	at fr.xephi.authme.libs.com.maxmind.db.BufferHolder.<init>(BufferHolder.java:20)
	at fr.xephi.authme.libs.com.maxmind.db.Reader.<init>(Reader.java:121)
	at fr.xephi.authme.service.GeoIpService.startReading(GeoIpService.java:179)
	at fr.xephi.authme.service.GeoIpService.updateDatabase(GeoIpService.java:150)
	at org.bukkit.craftbukkit.v1_8_R3.scheduler.CraftTask.run(CraftTask.java:59)
	at org.bukkit.craftbukkit.v1_8_R3.scheduler.CraftAsyncTask.run(CraftAsyncTask.java:53)
	at org.github.paperspigot.ServerSchedulerReportingWrapper.run(ServerSchedulerReportingWrapper.java:23)
	at java.base/java.util.concurrent.ThreadPoolExecutor.runWorker(ThreadPoolExecutor.java:1144)
	at java.base/java.util.concurrent.ThreadPoolExecutor$Worker.run(ThreadPoolExecutor.java:642)
	at java.base/java.lang.Thread.run(Thread.java:1583)

