[00:47:22] [main/INFO]: Using mbed TLS based native cipher.
[00:47:22] [main/INFO]: Using zlib based native compressor.
[00:47:22] [main/INFO]: Enabled Waterfall version git:Waterfall-Bootstrap:1.21-R0.1-SNAPSHOT:de8345a:579
[00:47:22] [main/WARN]: Waterfall has reached end of life and is no longer maintained. We recommend you transition to Velocity (https://papermc.io/software/velocity). For more information, see the announcement (https://forums.papermc.io/threads/1088/).
[00:47:22] [main/INFO]: Not on Windows, attempting to use enhanced EpollEventLoop
[00:47:22] [main/INFO]: Epoll is working, utilising it!
[00:47:22] [main/INFO]: Discovered module: ModuleSpec(name=cmd_alert, file=modules/cmd_alert.jar, provider=JenkinsModuleSource())
[00:47:22] [main/INFO]: Discovered module: ModuleSpec(name=cmd_find, file=modules/cmd_find.jar, provider=JenkinsModuleSource())
[00:47:22] [main/INFO]: Discovered module: ModuleSpec(name=cmd_list, file=modules/cmd_list.jar, provider=JenkinsModuleSource())
[00:47:22] [main/INFO]: Discovered module: ModuleSpec(name=cmd_send, file=modules/cmd_send.jar, provider=JenkinsModuleSource())
[00:47:22] [main/INFO]: Discovered module: ModuleSpec(name=cmd_server, file=modules/cmd_server.jar, provider=JenkinsModuleSource())
[00:47:22] [main/INFO]: Discovered module: ModuleSpec(name=reconnect_yaml, file=modules/reconnect_yaml.jar, provider=JenkinsModuleSource())
[00:47:22] [main/INFO]: Loaded plugin reconnect_yaml version git:reconnect_yaml:1.21-R0.1-SNAPSHOT:de8345a:579 by WaterfallMC
[00:47:22] [main/INFO]: Loaded plugin cmd_find version git:cmd_find:1.21-R0.1-SNAPSHOT:de8345a:579 by WaterfallMC
[00:47:22] [main/INFO]: Loaded plugin cmd_server version git:cmd_server:1.21-R0.1-SNAPSHOT:de8345a:579 by WaterfallMC
[00:47:22] [main/INFO]: Loaded plugin cmd_alert version git:cmd_alert:1.21-R0.1-SNAPSHOT:de8345a:579 by WaterfallMC
[00:47:22] [main/INFO]: Loaded plugin cmd_send version git:cmd_send:1.21-R0.1-SNAPSHOT:de8345a:579 by WaterfallMC
[00:47:22] [main/INFO]: Loaded plugin cmd_list version git:cmd_list:1.21-R0.1-SNAPSHOT:de8345a:579 by WaterfallMC
[00:47:22] [main/WARN]: :>:>:>:>:>:>:>:>:>:>:>:>:>:>:>:>:>:>:>:>:>:>:>
[00:47:22] [main/WARN]: :>  
[00:47:22] [main/WARN]: :>      EAGLERCRAFTXBUNGEE WARNING:
[00:47:22] [main/WARN]: :>  
[00:47:22] [main/WARN]: :>  This plugin wasn't tested to be 'working'
[00:47:22] [main/WARN]: :>  with ANY version of BungeeCord (and forks)
[00:47:22] [main/WARN]: :>  apart from the versions listed below:
[00:47:22] [main/WARN]: :>  
[00:47:22] [main/WARN]: :>  - BungeeCord: 1.21-R0.1-SNAPSHOT:0aa2871:1893
[00:47:22] [main/WARN]: :>  - https://ci.md-5.net/job/BungeeCord/1893/artifact/bootstrap/target/BungeeCord.jar
[00:47:22] [main/WARN]: :>  
[00:47:22] [main/WARN]: :>  - Waterfall: 1.21-R0.1-SNAPSHOT:9ab9e2b:582
[00:47:22] [main/WARN]: :>  - https://api.papermc.io/v2/projects/waterfall/versions/1.21/builds/582/downloads/waterfall-1.21-582.jar
[00:47:22] [main/WARN]: :>  
[00:47:22] [main/WARN]: :>  This is not a Bukkit/Spigot plugin!
[00:47:22] [main/WARN]: :>  
[00:47:22] [main/WARN]: :>  Use "-Deaglerxbungee.stfu=true" to hide
[00:47:22] [main/WARN]: :>  
[00:47:22] [main/WARN]: :>:>:>:>:>:>:>:>:>:>:>:>:>:>:>:>:>:>:>:>:>:>:>
[00:47:22] [main/INFO] [EaglercraftXBungee]: Loading vanilla profile: lax1dude
[00:47:23] [Skin Download Thread #1/INFO] [EaglercraftXBungee]: Loaded vanilla profile: lax1dude
[00:47:23] [main/INFO]: Loaded plugin EaglercraftXBungee version 1.3.6 by lax1dude
[00:47:23] [main/WARN]: Could not load server icon
java.lang.IllegalArgumentException: Server icon must be exactly 64x64 pixels
	at net.md_5.bungee.api.Favicon.create(Favicon.java:80) ~[bungee.jar:git:Waterfall-Bootstrap:1.21-R0.1-SNAPSHOT:de8345a:579]
	at net.md_5.bungee.conf.Configuration.load(Configuration.java:90) ~[bungee.jar:git:Waterfall-Bootstrap:1.21-R0.1-SNAPSHOT:de8345a:579]
	at io.github.waterfallmc.waterfall.conf.WaterfallConfiguration.load(WaterfallConfiguration.java:67) ~[bungee.jar:git:Waterfall-Bootstrap:1.21-R0.1-SNAPSHOT:de8345a:579]
	at net.md_5.bungee.BungeeCord.start(BungeeCord.java:291) ~[bungee.jar:git:Waterfall-Bootstrap:1.21-R0.1-SNAPSHOT:de8345a:579]
	at net.md_5.bungee.BungeeCordLauncher.main(BungeeCordLauncher.java:68) ~[bungee.jar:git:Waterfall-Bootstrap:1.21-R0.1-SNAPSHOT:de8345a:579]
	at net.md_5.bungee.Bootstrap.main(Bootstrap.java:15) ~[bungee.jar:git:Waterfall-Bootstrap:1.21-R0.1-SNAPSHOT:de8345a:579]
[00:47:23] [main/WARN]: Forced host server pvp is not defined
[00:47:23] [main/INFO]: Enabled plugin reconnect_yaml version git:reconnect_yaml:1.21-R0.1-SNAPSHOT:de8345a:579 by WaterfallMC
[00:47:23] [main/INFO]: Enabled plugin cmd_find version git:cmd_find:1.21-R0.1-SNAPSHOT:de8345a:579 by WaterfallMC
[00:47:23] [main/INFO]: Enabled plugin cmd_server version git:cmd_server:1.21-R0.1-SNAPSHOT:de8345a:579 by WaterfallMC
[00:47:23] [main/INFO]: Enabled plugin cmd_alert version git:cmd_alert:1.21-R0.1-SNAPSHOT:de8345a:579 by WaterfallMC
[00:47:23] [main/INFO]: Enabled plugin cmd_send version git:cmd_send:1.21-R0.1-SNAPSHOT:de8345a:579 by WaterfallMC
[00:47:23] [main/INFO]: Enabled plugin cmd_list version git:cmd_list:1.21-R0.1-SNAPSHOT:de8345a:579 by WaterfallMC
[00:47:23] [main/ERROR] [EaglercraftXBungee]: Online mode is set to false! Authentication system has been disabled
[00:47:23] [Netty Boss IO Thread #0/INFO] [EaglercraftXBungee]: Eaglercraft is listening on: /0.0.0.0:8081
[00:47:23] [main/INFO] [EaglercraftXBungee]: Connected to database: jdbc:sqlite:eaglercraft_skins_cache.db
[00:47:23] [main/INFO] [EaglercraftXBungee]: Voice chat disabled, add "allow_voice: true" to your listeners to enable
[00:47:23] [main/INFO]: Enabled plugin EaglercraftXBungee version 1.3.6 by lax1dude
[00:47:23] [Netty Boss IO Thread #1/INFO]: Listening on /127.0.0.1:25577
