[19:30:38] [Server thread/INFO]: Starting minecraft server version 1.8.8
[19:30:38] [Server thread/INFO]: Loading properties
[19:30:38] [Server thread/INFO]: Default game type: SURVIVAL
[19:30:38] [Server thread/INFO]: This server is running CraftBukkit version git-PaperSpigot-445 (MC: 1.8.8) (Implementing API version 1.8.8-R0.1-SNAPSHOT)
[19:30:38] [Server thread/INFO]: Debug logging is disabled
[19:30:38] [Server thread/INFO]: Spigot Timings: true - Verbose: true - Interval: 5m - Length: 60m
[19:30:38] [Server thread/INFO]: Server Ping Player Sample Count: 12

[19:30:38] [Server thread/INFO]: Using 4 threads for Netty based IO
[19:30:38] [Server thread/INFO]: Data value allowed items: 
[19:30:38] [Server thread/WARN]: java.lang.NoSuchFieldException: modifiers

[19:30:38] [Server thread/WARN]: 	at java.base/java.lang.Class.getDeclaredField(Class.java:2782)

[19:30:38] [Server thread/WARN]: 	at org.github.paperspigot.PaperSpigotConfig.stackableBuckets(PaperSpigotConfig.java:192)

[19:30:38] [Server thread/WARN]: 	at java.base/jdk.internal.reflect.DirectMethodHandleAccessor.invoke(DirectMethodHandleAccessor.java:103)

[19:30:38] [Server thread/WARN]: 	at java.base/java.lang.reflect.Method.invoke(Method.java:580)

[19:30:38] [Server thread/WARN]: 	at org.github.paperspigot.PaperSpigotConfig.readConfig(PaperSpigotConfig.java:84)

[19:30:38] [Server thread/WARN]: 	at org.github.paperspigot.PaperSpigotConfig.init(PaperSpigotConfig.java:62)

[19:30:38] [Server thread/WARN]: 	at net.minecraft.server.v1_8_R3.DedicatedServer.init(DedicatedServer.java:181)

[19:30:38] [Server thread/WARN]: 	at net.minecraft.server.v1_8_R3.MinecraftServer.run(MinecraftServer.java:563)

[19:30:38] [Server thread/WARN]: 	at java.base/java.lang.Thread.run(Thread.java:1583)

[19:30:38] [Server thread/INFO]: Generating keypair
[19:30:38] [Server thread/INFO]: Starting Minecraft server on localhost:25566
[19:30:38] [Server thread/INFO]: Your platform does not provide complete low-level API for accessing direct buffers reliably. Unless explicitly requested, heap buffer will always be preferred to avoid potential system unstability.
[19:30:38] [Server thread/INFO]: Using default channel type
[19:30:38] [Server thread/INFO]: Set PluginClassLoader as parallel capable
[19:30:39] [Server thread/INFO]: [WorldEdit] Loading WorldEdit v6.1;no_git_id
[19:30:39] [Server thread/INFO]: [Essentials] Loading Essentials v2.20.1
[19:30:39] [Server thread/INFO]: [EssentialsSpawn] Loading EssentialsSpawn v2.20.1
[19:30:39] [Server thread/WARN]: **** SERVER IS RUNNING IN OFFLINE/INSECURE MODE!
[19:30:39] [Server thread/WARN]: The server will make no attempt to authenticate usernames. Beware.
[19:30:39] [Server thread/WARN]: Whilst this makes it possible to use BungeeCord, unless access to your server is properly restricted, it also opens up the ability for hackers to connect with any username they choose.
[19:30:39] [Server thread/WARN]: Please see http://www.spigotmc.org/wiki/firewall-guide/ for further information.
[19:30:39] [Server thread/WARN]: To change this, set "online-mode" to "true" in the server.properties file.
[19:30:39] [Server thread/INFO]: **** Beginning UUID conversion, this may take A LONG time ****
[19:30:39] [Server thread/INFO]: Preparing level "world"
[19:30:39] [Server thread/INFO]: -------- World Settings For [world] --------
[19:30:39] [Server thread/INFO]: Mob Spawn Range: 4
[19:30:39] [Server thread/INFO]: Anti X-Ray: true
[19:30:39] [Server thread/INFO]: 	Engine Mode: 1
[19:30:39] [Server thread/INFO]: 	Hidden Blocks: [14, 15, 16, 21, 48, 49, 54, 56, 73, 74, 82, 129, 130]
[19:30:39] [Server thread/INFO]: 	Replace Blocks: [1, 5]
[19:30:39] [Server thread/INFO]: Nerfing mobs spawned from spawners: false
[19:30:39] [Server thread/INFO]: Cactus Growth Modifier: 100%
[19:30:39] [Server thread/INFO]: Cane Growth Modifier: 100%
[19:30:39] [Server thread/INFO]: Melon Growth Modifier: 100%
[19:30:39] [Server thread/INFO]: Mushroom Growth Modifier: 100%
[19:30:39] [Server thread/INFO]: Pumpkin Growth Modifier: 100%
[19:30:39] [Server thread/INFO]: Sapling Growth Modifier: 100%
[19:30:39] [Server thread/INFO]: Wheat Growth Modifier: 100%
[19:30:39] [Server thread/INFO]: NetherWart Growth Modifier: 100%
[19:30:39] [Server thread/INFO]: Entity Activation Range: An 32 / Mo 32 / Mi 16
[19:30:39] [Server thread/INFO]: Entity Tracking Range: Pl 48 / An 48 / Mo 48 / Mi 32 / Other 64
[19:30:39] [Server thread/INFO]: Hopper Transfer: 8 Hopper Check: 8 Hopper Amount: 1
[19:30:39] [Server thread/INFO]: Random Lighting Updates: false
[19:30:39] [Server thread/INFO]: Structure Info Saving: true
[19:30:39] [Server thread/INFO]: Sending up to 10 chunks per packet
[19:30:39] [Server thread/INFO]: Max Entity Collisions: 8
[19:30:39] [Server thread/INFO]: Custom Map Seeds:  Village: 10387312 Feature: 14357617
[19:30:39] [Server thread/INFO]: Max TNT Explosions: 100
[19:30:39] [Server thread/INFO]: Tile Max Tick Time: 50ms Entity max Tick Time: 50ms
[19:30:39] [Server thread/INFO]: Item Despawn Rate: 6000
[19:30:39] [Server thread/INFO]: Item Merge Radius: 2.5
[19:30:39] [Server thread/INFO]: Arrow Despawn Rate: 1200
[19:30:39] [Server thread/INFO]: Allow Zombie Pigmen to spawn from portal blocks: true
[19:30:39] [Server thread/INFO]: View Distance: 4
[19:30:39] [Server thread/INFO]: Zombie Aggressive Towards Villager: true
[19:30:39] [Server thread/INFO]: Chunks to Grow per Tick: 650
[19:30:39] [Server thread/INFO]: Clear tick list: false
[19:30:39] [Server thread/INFO]: Experience Merge Radius: 3.0
[19:30:39] [Server thread/INFO]: -------- World Settings For [world] --------
[19:30:39] [Server thread/INFO]: Living Entity Despawn Ranges:  Soft: 32 Hard: 128
[19:30:39] [Server thread/INFO]: Player blocking damage multiplier set to 0.5
[19:30:39] [Server thread/INFO]: Squids will spawn between Y: 45.0 and Y: 63.0
[19:30:39] [Server thread/INFO]: Max height for cactus growth 3. Max height for reed growth 3
[19:30:39] [Server thread/INFO]: Remove invalid mob spawner tile entities: true
[19:30:39] [Server thread/INFO]: Water over lava flow speed: 5
[19:30:39] [Server thread/INFO]: Fix TNT cannons: false
[19:30:39] [Server thread/INFO]: Allow undead horse types to be leashed: false
[19:30:39] [Server thread/INFO]: Keep spawn chunk loaded: true
[19:30:39] [Server thread/INFO]: World async lighting: false
[19:30:39] [Server thread/INFO]: WorldServer TickNextTick cap set at 10000
[19:30:39] [Server thread/INFO]: WorldServer TickNextTickList cap always processes redstone: false
[19:30:39] [Server thread/INFO]: -------- World Settings For [world_nether] --------
[19:30:39] [Server thread/INFO]: Mob Spawn Range: 4
[19:30:39] [Server thread/INFO]: Anti X-Ray: true
[19:30:39] [Server thread/INFO]: 	Engine Mode: 1
[19:30:39] [Server thread/INFO]: 	Hidden Blocks: [14, 15, 16, 21, 48, 49, 54, 56, 73, 74, 82, 129, 130]
[19:30:39] [Server thread/INFO]: 	Replace Blocks: [1, 5]
[19:30:39] [Server thread/INFO]: Nerfing mobs spawned from spawners: false
[19:30:39] [Server thread/INFO]: Cactus Growth Modifier: 100%
[19:30:39] [Server thread/INFO]: Cane Growth Modifier: 100%
[19:30:39] [Server thread/INFO]: Melon Growth Modifier: 100%
[19:30:39] [Server thread/INFO]: Mushroom Growth Modifier: 100%
[19:30:39] [Server thread/INFO]: Pumpkin Growth Modifier: 100%
[19:30:39] [Server thread/INFO]: Sapling Growth Modifier: 100%
[19:30:39] [Server thread/INFO]: Wheat Growth Modifier: 100%
[19:30:39] [Server thread/INFO]: NetherWart Growth Modifier: 100%
[19:30:39] [Server thread/INFO]: Entity Activation Range: An 32 / Mo 32 / Mi 16
[19:30:39] [Server thread/INFO]: Entity Tracking Range: Pl 48 / An 48 / Mo 48 / Mi 32 / Other 64
[19:30:39] [Server thread/INFO]: Hopper Transfer: 8 Hopper Check: 8 Hopper Amount: 1
[19:30:39] [Server thread/INFO]: Random Lighting Updates: false
[19:30:39] [Server thread/INFO]: Structure Info Saving: true
[19:30:39] [Server thread/INFO]: Sending up to 10 chunks per packet
[19:30:39] [Server thread/INFO]: Max Entity Collisions: 8
[19:30:39] [Server thread/INFO]: Custom Map Seeds:  Village: 10387312 Feature: 14357617
[19:30:39] [Server thread/INFO]: Max TNT Explosions: 100
[19:30:39] [Server thread/INFO]: Tile Max Tick Time: 50ms Entity max Tick Time: 50ms
[19:30:39] [Server thread/INFO]: Item Despawn Rate: 6000
[19:30:39] [Server thread/INFO]: Item Merge Radius: 2.5
[19:30:39] [Server thread/INFO]: Arrow Despawn Rate: 1200
[19:30:39] [Server thread/INFO]: Allow Zombie Pigmen to spawn from portal blocks: true
[19:30:39] [Server thread/INFO]: View Distance: 4
[19:30:39] [Server thread/INFO]: Zombie Aggressive Towards Villager: true
[19:30:39] [Server thread/INFO]: Chunks to Grow per Tick: 650
[19:30:39] [Server thread/INFO]: Clear tick list: false
[19:30:39] [Server thread/INFO]: Experience Merge Radius: 3.0
[19:30:39] [Server thread/INFO]: -------- World Settings For [world_nether] --------
[19:30:39] [Server thread/INFO]: Living Entity Despawn Ranges:  Soft: 32 Hard: 128
[19:30:39] [Server thread/INFO]: Player blocking damage multiplier set to 0.5
[19:30:39] [Server thread/INFO]: Squids will spawn between Y: 45.0 and Y: 63.0
[19:30:39] [Server thread/INFO]: Max height for cactus growth 3. Max height for reed growth 3
[19:30:39] [Server thread/INFO]: Remove invalid mob spawner tile entities: true
[19:30:39] [Server thread/INFO]: Water over lava flow speed: 5
[19:30:39] [Server thread/INFO]: Fix TNT cannons: false
[19:30:39] [Server thread/INFO]: Allow undead horse types to be leashed: false
[19:30:39] [Server thread/INFO]: Keep spawn chunk loaded: true
[19:30:39] [Server thread/INFO]: World async lighting: false
[19:30:39] [Server thread/INFO]: WorldServer TickNextTick cap set at 10000
[19:30:39] [Server thread/INFO]: WorldServer TickNextTickList cap always processes redstone: false
[19:30:39] [Server thread/INFO]: -------- World Settings For [world_the_end] --------
[19:30:39] [Server thread/INFO]: Mob Spawn Range: 4
[19:30:39] [Server thread/INFO]: Anti X-Ray: true
[19:30:39] [Server thread/INFO]: 	Engine Mode: 1
[19:30:39] [Server thread/INFO]: 	Hidden Blocks: [14, 15, 16, 21, 48, 49, 54, 56, 73, 74, 82, 129, 130]
[19:30:39] [Server thread/INFO]: 	Replace Blocks: [1, 5]
[19:30:39] [Server thread/INFO]: Nerfing mobs spawned from spawners: false
[19:30:39] [Server thread/INFO]: Cactus Growth Modifier: 100%
[19:30:39] [Server thread/INFO]: Cane Growth Modifier: 100%
[19:30:39] [Server thread/INFO]: Melon Growth Modifier: 100%
[19:30:39] [Server thread/INFO]: Mushroom Growth Modifier: 100%
[19:30:39] [Server thread/INFO]: Pumpkin Growth Modifier: 100%
[19:30:39] [Server thread/INFO]: Sapling Growth Modifier: 100%
[19:30:39] [Server thread/INFO]: Wheat Growth Modifier: 100%
[19:30:39] [Server thread/INFO]: NetherWart Growth Modifier: 100%
[19:30:39] [Server thread/INFO]: Entity Activation Range: An 32 / Mo 32 / Mi 16
[19:30:39] [Server thread/INFO]: Entity Tracking Range: Pl 48 / An 48 / Mo 48 / Mi 32 / Other 64
[19:30:39] [Server thread/INFO]: Hopper Transfer: 8 Hopper Check: 8 Hopper Amount: 1
[19:30:39] [Server thread/INFO]: Random Lighting Updates: false
[19:30:39] [Server thread/INFO]: Structure Info Saving: true
[19:30:39] [Server thread/INFO]: Sending up to 10 chunks per packet
[19:30:39] [Server thread/INFO]: Max Entity Collisions: 8
[19:30:39] [Server thread/INFO]: Custom Map Seeds:  Village: 10387312 Feature: 14357617
[19:30:39] [Server thread/INFO]: Max TNT Explosions: 100
[19:30:39] [Server thread/INFO]: Tile Max Tick Time: 50ms Entity max Tick Time: 50ms
[19:30:39] [Server thread/INFO]: Item Despawn Rate: 6000
[19:30:39] [Server thread/INFO]: Item Merge Radius: 2.5
[19:30:39] [Server thread/INFO]: Arrow Despawn Rate: 1200
[19:30:39] [Server thread/INFO]: Allow Zombie Pigmen to spawn from portal blocks: true
[19:30:39] [Server thread/INFO]: View Distance: 4
[19:30:39] [Server thread/INFO]: Zombie Aggressive Towards Villager: true
[19:30:39] [Server thread/INFO]: Chunks to Grow per Tick: 650
[19:30:39] [Server thread/INFO]: Clear tick list: false
[19:30:39] [Server thread/INFO]: Experience Merge Radius: 3.0
[19:30:39] [Server thread/INFO]: -------- World Settings For [world_the_end] --------
[19:30:39] [Server thread/INFO]: Living Entity Despawn Ranges:  Soft: 32 Hard: 128
[19:30:39] [Server thread/INFO]: Player blocking damage multiplier set to 0.5
[19:30:39] [Server thread/INFO]: Squids will spawn between Y: 45.0 and Y: 63.0
[19:30:39] [Server thread/INFO]: Max height for cactus growth 3. Max height for reed growth 3
[19:30:39] [Server thread/INFO]: Remove invalid mob spawner tile entities: true
[19:30:39] [Server thread/INFO]: Water over lava flow speed: 5
[19:30:39] [Server thread/INFO]: Fix TNT cannons: false
[19:30:39] [Server thread/INFO]: Allow undead horse types to be leashed: false
[19:30:39] [Server thread/INFO]: Keep spawn chunk loaded: true
[19:30:39] [Server thread/INFO]: World async lighting: false
[19:30:39] [Server thread/INFO]: WorldServer TickNextTick cap set at 10000
[19:30:39] [Server thread/INFO]: WorldServer TickNextTickList cap always processes redstone: false
[19:30:39] [Server thread/INFO]: Preparing start region for level 0 (Seed: 1855205661228558688)
[19:30:39] [Server thread/INFO]: Preparing start region for level 1 (Seed: -4527226166752596232)
[19:30:40] [Server thread/INFO]: Preparing start region for level 2 (Seed: -4527226166752596232)
[19:30:40] [Server thread/INFO]: [WorldEdit] Enabling WorldEdit v6.1;no_git_id
[19:30:41] [Server thread/INFO]: WEPIF: Using the Bukkit Permissions API.
[19:30:41] [Server thread/INFO]: [WorldEdit] Using com.sk89q.worldedit.bukkit.adapter.impl.Spigot_v1_8_R3 as the Bukkit adapter
[19:30:41] [Server thread/INFO]: [Essentials] Enabling Essentials v2.20.1
[19:30:41] [Server thread/INFO]: You are running a server with limited API functionality. EssentialsX will still work, but certain features may be disabled.
[19:30:41] [Server thread/INFO]: Attempting to convert old kits in config.yml to new kits.yml
[19:30:41] [Server thread/INFO]: No kits found to migrate.
[19:30:41] [Server thread/INFO]: Loaded 853 items from items.csv.
[19:30:41] [Server thread/INFO]: Using locale en
[19:30:41] [Server thread/INFO]: ServerListPingEvent: Spigot iterator API
[19:30:41] [Server thread/INFO]: Starting Metrics. Opt-out using the global bStats config.
[19:30:41] [Server thread/INFO]: Using superperms-based permissions.
[19:30:41] [Server thread/INFO]: [EssentialsSpawn] Enabling EssentialsSpawn v2.20.1
[19:30:41] [Server thread/INFO]: Starting Metrics. Opt-out using the global bStats config.
[19:30:41] [Server thread/INFO]: Server permissions file permissions.yml is empty, ignoring it
[19:30:41] [Server thread/INFO]: Done (2.619s)! For help, type "help" or "?"
[19:30:41] [Server thread/INFO]: Timings Reset
[19:30:41] [Craft Scheduler Thread - 0/INFO]: ยง6Fetching version information...
[19:31:17] [Thread-6/INFO]: UUID of player FiredangerFN is 64172f8c-c2c8-375a-b63b-fc366f7f9901
[19:31:17] [Server thread/INFO]: FiredangerFN[/[0:0:0:0:0:0:0:1]:36638] logged in with entity id 249 at ([world]101.08035109085262, 145.48110556256182, 183.44605923052382)
[19:31:25] [Server thread/INFO]: FiredangerFN lost connection: Disconnected
[19:31:25] [Server thread/INFO]: FiredangerFN left the game.
[19:31:58] [Thread-7/INFO]: UUID of player Fdasdadad is 83878560-dba1-3e6c-9beb-a04129503562
[19:31:58] [Server thread/INFO]: Fdasdadad[/[0:0:0:0:0:0:0:1]:38616] logged in with entity id 543 at ([world]-10.5, 69.0, 247.5)
[19:32:41] [Server thread/INFO]: Fdasdadad drowned
[19:32:44] [Server thread/INFO]: Fdasdadad lost connection: You have died. Game over, man, it's game over!
[19:32:44] [Server thread/INFO]: Fdasdadad left the game.
[19:32:44] [Server thread/WARN]: handleDisconnection() called twice
[19:32:58] [Thread-8/INFO]: UUID of player Fdasdadad is 83878560-dba1-3e6c-9beb-a04129503562
[19:32:58] [Server thread/INFO]: Disconnecting com.mojang.authlib.GameProfile@2cfec8aa[id=83878560-dba1-3e6c-9beb-a04129503562,name=Fdasdadad,properties={textures=[com.mojang.authlib.properties.Property@2f0f1f21], isEaglerPlayer=[com.mojang.authlib.properties.Property@2b309e18]},legacy=false] (/[0:0:0:0:0:0:0:1]:39158): You are banned from this server. Reason: Death in Hardcore
[19:32:58] [Server thread/INFO]: com.mojang.authlib.GameProfile@2cfec8aa[id=83878560-dba1-3e6c-9beb-a04129503562,name=Fdasdadad,properties={textures=[com.mojang.authlib.properties.Property@2f0f1f21], isEaglerPlayer=[com.mojang.authlib.properties.Property@2b309e18]},legacy=false] (/[0:0:0:0:0:0:0:1]:39158) lost connection: You are banned from this server. Reason: Death in Hardcore
[19:33:00] [Thread-9/INFO]: UUID of player Fdasdadad is 83878560-dba1-3e6c-9beb-a04129503562
[19:33:00] [Server thread/INFO]: Disconnecting com.mojang.authlib.GameProfile@74c62c5b[id=83878560-dba1-3e6c-9beb-a04129503562,name=Fdasdadad,properties={textures=[com.mojang.authlib.properties.Property@26727192], isEaglerPlayer=[com.mojang.authlib.properties.Property@6a302b8d]},legacy=false] (/[0:0:0:0:0:0:0:1]:39172): You are banned from this server. Reason: Death in Hardcore
[19:33:00] [Server thread/INFO]: com.mojang.authlib.GameProfile@74c62c5b[id=83878560-dba1-3e6c-9beb-a04129503562,name=Fdasdadad,properties={textures=[com.mojang.authlib.properties.Property@26727192], isEaglerPlayer=[com.mojang.authlib.properties.Property@6a302b8d]},legacy=false] (/[0:0:0:0:0:0:0:1]:39172) lost connection: You are banned from this server. Reason: Death in Hardcore
[21:03:45] [Thread-10/INFO]: UUID of player FiredangerFN is 64172f8c-c2c8-375a-b63b-fc366f7f9901
[21:03:45] [Server thread/INFO]: FiredangerFN[/[0:0:0:0:0:0:0:1]:46578] logged in with entity id 926 at ([world]82.4764918664667, 81.5336405360276, 188.46414708082824)
[21:03:48] [Server thread/INFO]: FiredangerFN lost connection: Disconnected
[21:03:48] [Server thread/INFO]: FiredangerFN left the game.
[21:25:40] [Thread-11/INFO]: UUID of player FiredangerFN is 64172f8c-c2c8-375a-b63b-fc366f7f9901
[21:25:40] [Server thread/INFO]: FiredangerFN[/[0:0:0:0:0:0:0:1]:50790] logged in with entity id 1035 at ([world]82.4764918664667, 81.5336405360276, 188.46414708082824)
[21:25:48] [Server thread/INFO]: FiredangerFN issued server command: /flu
[21:25:52] [Server thread/INFO]: FiredangerFN issued server command: /fly
[21:25:57] [Server thread/INFO]: FiredangerFN issued server command: /spawn
[21:26:13] [Server thread/INFO]: FiredangerFN lost connection: Disconnected
[21:26:13] [Server thread/INFO]: FiredangerFN left the game.
